{
  message: 'GET /api/v1/user/sendMailToLogin 401 68 - 3.856 ms',
  level: 'http',
  timestamp: '2024-03-13 11:12:40.755 AM'
}
{
  message: 'GET /api/v1/user/sendMailToLogin 401 68 - 2.559 ms',
  level: 'http',
  timestamp: '2024-03-13 11:13:20.211 AM'
}
{
  message: 'GET /api/v1/user/sendMailToLogin 401 68 - 3.628 ms',
  level: 'http',
  timestamp: '2024-03-13 11:13:33.395 AM'
}
{
  message: 'GET /api/v1/user/sendMailToLogin 401 68 - 3.849 ms',
  level: 'http',
  timestamp: '2024-03-13 11:42:58.343 AM'
}
{
  message: 'GET /api/v1/user/sendMailToLogin 401 68 - 0.867 ms',
  level: 'http',
  timestamp: '2024-03-13 11:45:24.458 AM'
}
{
  message: 'GET /api/v1/user/sendMailToLogin 200 68 - 9.659 ms',
  level: 'http',
  timestamp: '2024-03-13 11:46:09.383 AM'
}
{
  message: 'GET /api/v1/user/sendMailToLogin 304 - - 0.797 ms',
  level: 'http',
  timestamp: '2024-03-13 11:46:09.399 AM'
}
{
  message: 'GET /api/v1/user/sendMailToLogin 400 68 - 4.562 ms',
  level: 'http',
  timestamp: '2024-03-13 11:46:41.814 AM'
}
{
  message: 'GET /api/v1/user/sendMailToLogin 400 68 - 10.143 ms',
  level: 'http',
  timestamp: '2024-03-13 11:47:08.213 AM'
}
{
  message: 'GET /api/v1/user/sendMailToLogin 400 68 - 0.712 ms',
  level: 'http',
  timestamp: '2024-03-13 11:47:08.242 AM'
}
{
  message: 'GET /api/v1/user/sendMailToLogin 400 68 - 0.389 ms',
  level: 'http',
  timestamp: '2024-03-13 11:51:24.388 AM'
}
{
  message: 'GET /api/v1/user/sendMailToLogin 400 68 - 1.118 ms',
  level: 'http',
  timestamp: '2024-03-13 11:52:25.830 AM'
}
{
  message: 'GET /api/v1/user/sendMailToLogin 400 68 - 0.493 ms',
  level: 'http',
  timestamp: '2024-03-13 11:55:03.847 AM'
}
{
  message: 'GET /api/v1/user/sendMailToLogin 400 68 - 0.747 ms',
  level: 'http',
  timestamp: '2024-03-13 11:55:19.169 AM'
}
{
  message: 'GET /api/v1/user/sendMailToLogin 500 57 - 2799.463 ms',
  level: 'http',
  timestamp: '2024-03-13 11:56:14.463 AM'
}
{
  message: 'GET /api/v1/user/sendMailToLogin 200 84 - 712.351 ms',
  level: 'http',
  timestamp: '2024-03-13 11:57:03.097 AM'
}
{
  message: 'GET /api/v1/user/sendMailToLogin 400 68 - 0.362 ms',
  level: 'http',
  timestamp: '2024-03-13 11:59:14.737 AM'
}
{
  message: 'GET /api/v1/user/sendMailToLogin 400 68 - 0.542 ms',
  level: 'http',
  timestamp: '2024-03-13 11:59:17.316 AM'
}
{
  message: 'GET /favicon.ico 404 150 - 1.827 ms',
  level: 'http',
  timestamp: '2024-03-13 11:59:17.394 AM'
}
{
  message: 'GET /api/v1/user/sendMailToLogin 400 68 - 3.148 ms',
  level: 'http',
  timestamp: '2024-03-13 12:00:23.386 PM'
}
{
  message: 'GET /api/v1/user/sendMailToLogin 400 68 - 0.757 ms',
  level: 'http',
  timestamp: '2024-03-13 12:00:47.966 PM'
}
{
  message: 'GET /api/v1/user/sendMailToLogin 400 68 - 3.468 ms',
  level: 'http',
  timestamp: '2024-03-13 12:01:31.515 PM'
}
{
  message: 'GET /api/v1/user/sendMailToLogin 400 68 - 0.713 ms',
  level: 'http',
  timestamp: '2024-03-13 12:04:25.545 PM'
}
{
  message: 'GET /api/v1/user/sendMailToLogin 400 68 - 0.670 ms',
  level: 'http',
  timestamp: '2024-03-13 12:05:42.548 PM'
}
{
  message: 'GET /api/v1/user/sendMailToLogin 400 68 - 0.535 ms',
  level: 'http',
  timestamp: '2024-03-13 12:05:56.698 PM'
}
{
  message: 'GET /api/v1/user/sendMailToLogin 400 68 - 0.529 ms',
  level: 'http',
  timestamp: '2024-03-13 12:06:49.151 PM'
}
{
  message: 'GET /api/v1/user/sendMailToLogin 400 68 - 0.565 ms',
  level: 'http',
  timestamp: '2024-03-13 12:06:49.222 PM'
}
{
  message: 'GET /api/v1/user/sendMailToLogin 400 68 - 0.428 ms',
  level: 'http',
  timestamp: '2024-03-13 12:11:07.547 PM'
}
{
  message: 'GET /api/v1/user/sendMailToLogin 400 68 - 0.371 ms',
  level: 'http',
  timestamp: '2024-03-13 12:12:13.114 PM'
}
{
  message: 'GET /api/v1/user/sendMailToLogin 400 68 - 5.424 ms',
  level: 'http',
  timestamp: '2024-03-13 12:14:07.215 PM'
}
{
  message: 'GET /api/v1/user/sendMailToLogin 500 57 - 7.378 ms',
  level: 'http',
  timestamp: '2024-03-13 12:19:04.190 PM'
}
{
  message: 'GET /api/v1/user/sendMailToLogin 400 68 - 4.924 ms',
  level: 'http',
  timestamp: '2024-03-13 12:19:42.452 PM'
}
{
  message: 'GET /api/v1/user/sendMailToLogin 400 68 - 0.757 ms',
  level: 'http',
  timestamp: '2024-03-13 12:21:11.090 PM'
}
{
  message: 'GET /api/v1/user/sendMailToLogin 400 68 - 0.648 ms',
  level: 'http',
  timestamp: '2024-03-13 12:24:30.738 PM'
}
{
  message: 'GET /api/v1/user/sendMailToLogin 400 68 - 0.391 ms',
  level: 'http',
  timestamp: '2024-03-13 12:24:48.977 PM'
}
{
  message: 'GET /api/v1/user/sendMailToLogin 400 68 - 3.955 ms',
  level: 'http',
  timestamp: '2024-03-13 12:27:25.581 PM'
}
{
  message: 'POST /api/v1/user/register 200 59 - 236.288 ms',
  level: 'http',
  timestamp: '2024-03-13 12:31:12.610 PM'
}
{
  message: 'POST /api/v1/user/sendMailToLogin 404 167 - 1.555 ms',
  level: 'http',
  timestamp: '2024-03-13 12:32:56.167 PM'
}
{
  message: 'POST /api/v1/user/sendMailToLogin 404 167 - 0.869 ms',
  level: 'http',
  timestamp: '2024-03-13 12:33:02.686 PM'
}
{
  message: 'GET /api/v1/user/sendMailToLogin 400 68 - 0.557 ms',
  level: 'http',
  timestamp: '2024-03-13 12:33:29.233 PM'
}
{
  message: 'POST /api/v1/user/sendMailToLogin 500 57 - 2765.961 ms',
  level: 'http',
  timestamp: '2024-03-13 12:37:27.795 PM'
}
{
  message: 'POST /api/v1/user/sendMailToLogin 500 57 - 2648.717 ms',
  level: 'http',
  timestamp: '2024-03-13 12:42:42.177 PM'
}
{
  message: 'POST /api/v1/user/sendMailToLogin 200 84 - 665.219 ms',
  level: 'http',
  timestamp: '2024-03-13 12:45:20.003 PM'
}
{
  message: 'GET /api/v1/user/sendMailToLogin 404 166 - 4.116 ms',
  level: 'http',
  timestamp: '2024-03-13 12:46:04.159 PM'
}
{
  message: 'POST /api/v1/user/sendMailToLogin 200 67 - 2979.077 ms',
  level: 'http',
  timestamp: '2024-03-13 12:49:29.286 PM'
}
{
  message: 'POST /api/v1/user/sendMailToLogin 200 67 - 2602.182 ms',
  level: 'http',
  timestamp: '2024-03-13 12:55:50.123 PM'
}
{
  message: 'POST /api/v1/user/login 200 433 - 59.083 ms',
  level: 'http',
  timestamp: '2024-03-13 12:55:53.087 PM'
}
{
  message: 'POST /api/v1/user/login 401 42 - 56.704 ms',
  level: 'http',
  timestamp: '2024-03-13 12:59:12.513 PM'
}
{
  message: 'POST /api/v1/user/login 401 42 - 47.913 ms',
  level: 'http',
  timestamp: '2024-03-13 12:59:43.903 PM'
}
{
  message: 'POST /api/v1/user/login 401 42 - 46.470 ms',
  level: 'http',
  timestamp: '2024-03-13 01:00:01.294 PM'
}
{
  message: 'POST /api/v1/user/login 401 42 - 194.080 ms',
  level: 'http',
  timestamp: '2024-03-13 02:03:48.003 PM'
}
{
  message: 'POST /api/v1/user/login 401 68 - 0.771 ms',
  level: 'http',
  timestamp: '2024-03-13 02:10:32.548 PM'
}
{
  message: 'POST /api/v1/user/login 401 68 - 0.325 ms',
  level: 'http',
  timestamp: '2024-03-13 02:11:01.979 PM'
}
{
  message: 'POST /api/v1/user/login 401 68 - 0.317 ms',
  level: 'http',
  timestamp: '2024-03-13 02:11:33.104 PM'
}
{
  message: 'POST /api/v1/user/login 401 68 - 0.268 ms',
  level: 'http',
  timestamp: '2024-03-13 02:11:58.360 PM'
}
{
  message: 'POST /api/v1/user/login 401 68 - 0.435 ms',
  level: 'http',
  timestamp: '2024-03-13 02:12:18.250 PM'
}
{
  message: 'POST /api/v1/user/login 401 68 - 0.324 ms',
  level: 'http',
  timestamp: '2024-03-13 02:12:43.016 PM'
}
{
  message: 'POST /api/v1/user/sendMailToLogin 200 67 - 2834.762 ms',
  level: 'http',
  timestamp: '2024-03-13 02:13:19.474 PM'
}
{
  message: 'POST /api/v1/user/login 401 42 - 72.304 ms',
  level: 'http',
  timestamp: '2024-03-13 02:13:34.296 PM'
}
{
  message: 'POST /api/v1/user/login 401 42 - 98.933 ms',
  level: 'http',
  timestamp: '2024-03-13 02:13:59.722 PM'
}
{
  message: 'POST /api/v1/user/login 401 42 - 242.048 ms',
  level: 'http',
  timestamp: '2024-03-13 02:13:59.910 PM'
}
{
  message: 'POST /api/v1/user/sendMailToLogin 200 67 - 2570.261 ms',
  level: 'http',
  timestamp: '2024-03-13 02:14:08.673 PM'
}
{
  message: 'POST /api/v1/user/login 401 42 - 82.292 ms',
  level: 'http',
  timestamp: '2024-03-13 02:14:23.787 PM'
}
{
  message: 'POST /api/v1/user/sendMailToLogin 200 84 - 830.776 ms',
  level: 'http',
  timestamp: '2024-03-13 02:16:30.972 PM'
}
{
  message: 'POST /api/v1/user/login 401 42 - 86.577 ms',
  level: 'http',
  timestamp: '2024-03-13 02:16:47.621 PM'
}
{
  message: 'POST /api/v1/user/login 200 438 - 97.433 ms',
  level: 'http',
  timestamp: '2024-03-13 02:18:31.751 PM'
}
{
  message: 'POST /api/v1/user/login 200 438 - 98.697 ms',
  level: 'http',
  timestamp: '2024-03-13 02:20:03.172 PM'
}
{
  message: 'POST /api/v1/user/login 401 42 - 58.126 ms',
  level: 'http',
  timestamp: '2024-03-13 02:20:06.660 PM'
}
{
  message: 'POST /api/v1/user/login 401 42 - 61.180 ms',
  level: 'http',
  timestamp: '2024-03-13 02:20:14.930 PM'
}
{
  message: 'POST /api/v1/user/login 401 42 - 58.861 ms',
  level: 'http',
  timestamp: '2024-03-13 02:20:14.950 PM'
}
