[01/Mar/2024:04:14:59 +0000] POST /api/v1/admin/register 401 3.339 ms - 60
[01/Mar/2024:04:15:13 +0000] POST /api/v1/admin/register 401 12.097 ms - 57
[01/Mar/2024:04:16:16 +0000] POST /api/v1/admin/register 200 124.115 ms - 56
[01/Mar/2024:04:19:10 +0000] POST /api/v1/admin/login 401 5.489 ms - 59
[01/Mar/2024:04:19:19 +0000] POST /api/v1/admin/login 401 1.048 ms - 42
[01/Mar/2024:04:19:27 +0000] POST /api/v1/admin/login 401 31.283 ms - 54
[01/Mar/2024:04:20:44 +0000] POST /api/v1/admin/login 401 37.466 ms - 54
[01/Mar/2024:04:21:53 +0000] POST /api/v1/admin/login 200 33.282 ms - 222
[01/Mar/2024:04:22:45 +0000] POST /api/v1/category/add 200 61.376 ms - 170
[01/Mar/2024:04:23:09 +0000] POST /api/v1/category/add 200 50.531 ms - 174
[01/Mar/2024:04:23:22 +0000] POST /api/v1/category/add 200 50.297 ms - 168
[01/Mar/2024:04:24:08 +0000] POST /api/v1/category/add 401 0.311 ms - 64
[01/Mar/2024:04:24:18 +0000] POST /api/v1/admin/login 200 22.888 ms - 222
[01/Mar/2024:04:24:25 +0000] GET /api/v1/category/get-all 200 23.329 ms - 402
[01/Mar/2024:04:35:50 +0000] GET /api/v1/admin/ 401 34.503 ms - 60
[01/Mar/2024:04:36:10 +0000] GET /api/v1/admin/ 200 54.712 ms - 276
[01/Mar/2024:05:37:41 +0000] POST /api/v1/movie/add 404 38.306 ms - 156
[01/Mar/2024:05:44:13 +0000] POST /api/v1/movie/add 401 37.486 ms - 77
[01/Mar/2024:05:44:32 +0000] POST /api/v1/movie/add 401 32.431 ms - 77
[01/Mar/2024:05:46:26 +0000] POST /api/v1/movie/add 200 77.306 ms - 370
[01/Mar/2024:05:51:37 +0000] POST /api/v1/movie/add 200 78.863 ms - 362
[01/Mar/2024:05:56:11 +0000] POST /api/v1/movie/add 401 37.872 ms - 54
[01/Mar/2024:06:15:03 +0000] GET /api/v1/movie/ 401 2.498 ms - 53
[01/Mar/2024:06:15:33 +0000] GET /api/v1/movie/ 401 4.405 ms - 53
[01/Mar/2024:06:17:43 +0000] GET /api/v1/movie/ 401 4.785 ms - 53
[01/Mar/2024:06:18:13 +0000] GET /api/v1/movie/ 200 106.269 ms - 690
[01/Mar/2024:06:18:54 +0000] PUT /api/v1/movie/65e16bb2a7b36ed6e300e6ff 401 32.116 ms - 75
[01/Mar/2024:06:19:52 +0000] PUT /api/v1/movie/65e16bb2a7b36ed6e300e6ff 401 36.688 ms - 75
[01/Mar/2024:06:19:53 +0000] PUT /api/v1/movie/65e16bb2a7b36ed6e300e6ff 401 24.957 ms - 75
[01/Mar/2024:06:19:54 +0000] PUT /api/v1/movie/65e16bb2a7b36ed6e300e6ff 401 25.045 ms - 75
[01/Mar/2024:06:20:40 +0000] PUT /api/v1/movie/65e16bb2a7b36ed6e300e6ff 401 38.829 ms - 75
[01/Mar/2024:06:20:41 +0000] PUT /api/v1/movie/65e16bb2a7b36ed6e300e6ff 401 24.798 ms - 75
[01/Mar/2024:06:20:42 +0000] PUT /api/v1/movie/65e16bb2a7b36ed6e300e6ff 401 24.431 ms - 75
[01/Mar/2024:06:21:37 +0000] PUT /api/v1/movie/65e16bb2a7b36ed6e300e6ff 200 93.525 ms - 387
[01/Mar/2024:06:34:01 +0000] PUT /api/v1/movie/65e16bb2a7b36ed6e300e6ff 200 106.977 ms - 430
[01/Mar/2024:06:36:07 +0000] GET /api/v1/movie/genre/Sci-Fi 200 69.150 ms - 423
[01/Mar/2024:06:42:43 +0000] GET /api/v1/movie/genre/action 401 46.229 ms - 61
[01/Mar/2024:06:43:15 +0000] GET /api/v1/movie/genre/crime 200 80.581 ms - 375
[01/Mar/2024:06:48:47 +0000] GET /api/v1/movie/cast/Marlon%20Brando 404 2.424 ms - 172
[01/Mar/2024:06:49:13 +0000] GET /api/v1/movie/casts/Marlon%20Brando 401 12.230 ms - 61
[01/Mar/2024:06:50:12 +0000] GET /api/v1/movie/casts/Marlon%20Brando 200 80.253 ms - 64
[01/Mar/2024:06:50:30 +0000] GET /api/v1/movie/casts/Marlon%20Brando 200 33.818 ms - 64
[01/Mar/2024:06:50:51 +0000] GET /api/v1/movie/casts/Marlon%20Brando 200 85.467 ms - 64
[01/Mar/2024:06:51:14 +0000] GET /api/v1/movie/casts/Marlon%20Brando 200 71.969 ms - 68
[01/Mar/2024:06:51:36 +0000] GET /api/v1/movie/casts/Marlon%20Brando 401 13.642 ms - 61
[01/Mar/2024:06:52:28 +0000] GET /api/v1/movie/casts/Marlon%20Brando 200 54.067 ms - 383
[01/Mar/2024:06:52:52 +0000] GET /api/v1/movie/casts/al%20pacino 200 42.141 ms - 379
[01/Mar/2024:06:53:01 +0000] GET /api/v1/movie/casts/alpacino 200 30.704 ms - 63
[01/Mar/2024:06:53:05 +0000] GET /api/v1/movie/casts/al%20pacino 200 33.275 ms - 379
