[0mGET / [32m200[0m 2.256 ms - 49[0m
[28/Feb/2024:11:32:19 +0000] GET / 200 0.343 ms - 49
[28/Feb/2024:11:32:46 +0000] GET / 200 2.273 ms - 49
[28/Feb/2024:11:36:29 +0000] GET /api/v1/user/detail/65df133e103d321090da6b94 401 61.358 ms - 43
[28/Feb/2024:11:38:08 +0000] POST /api/v1/user/register 401 58.580 ms - 68
[28/Feb/2024:11:39:07 +0000] GET /api/v1/user/detail/65df19e83fa213819b4af48c 200 54.467 ms - 393
[28/Feb/2024:12:17:01 +0000] GET /api/v1/user/sendMailToLogin 401 60.247 ms - 44
[28/Feb/2024:12:18:03 +0000] GET /api/v1/user/sendMailToLogin 401 58.627 ms - 2
[28/Feb/2024:12:19:09 +0000] GET /api/v1/user/sendMailToLogin 401 70.210 ms - 2
[28/Feb/2024:12:19:45 +0000] GET /api/v1/user/sendMailToLogin 401 37.141 ms - 2
[28/Feb/2024:12:20:19 +0000] GET /api/v1/user/sendMailToLogin 200 69.467 ms - 70
[28/Feb/2024:12:20:53 +0000] GET /api/v1/user/sendMailToLogin 200 42.509 ms - 57
[28/Feb/2024:12:20:57 +0000] GET /api/v1/user/sendMailToLogin 200 39.266 ms - 57
[28/Feb/2024:12:20:58 +0000] GET /api/v1/user/sendMailToLogin 200 31.122 ms - 57
[28/Feb/2024:12:20:59 +0000] GET /api/v1/user/sendMailToLogin 200 27.995 ms - 57
[28/Feb/2024:12:22:31 +0000] GET /api/v1/user/sendMailToLogin 200 73.479 ms - 71
[28/Feb/2024:12:23:06 +0000] GET /api/v1/user/sendMailToLogin 200 42.475 ms - 71
[28/Feb/2024:12:24:37 +0000] GET /api/v1/user/sendMailToLogin 200 32.604 ms - 71
[28/Feb/2024:12:25:34 +0000] GET /api/v1/user/sendMailToLogin 200 30.601 ms - 71
[28/Feb/2024:12:30:27 +0000] GET /api/v1/user/sendMailToLogin 200 31.625 ms - 70
