[29/Feb/2024:05:18:47 +0000] GET /api/v1/user/sendMailToLogin 200 56.673 ms - 71
[29/Feb/2024:05:20:37 +0000] GET /api/v1/user/sendMailToLogin 200 44.637 ms - 71
[29/Feb/2024:05:23:56 +0000] GET /api/v1/user/sendMailToLogin 200 69.837 ms - 71
[29/Feb/2024:05:24:28 +0000] GET /api/v1/user/sendMailToLogin 401 592.975 ms - 45
[29/Feb/2024:05:25:23 +0000] GET /api/v1/user/sendMailToLogin 401 587.095 ms - 45
[29/Feb/2024:05:27:03 +0000] GET /api/v1/user/sendMailToLogin 401 65.886 ms - 45
[29/Feb/2024:06:07:16 +0000] GET /api/v1/user/sendMailToLogin 401 668.107 ms - 45
[29/Feb/2024:06:09:53 +0000] GET /api/v1/user/sendMailToLogin 401 580.564 ms - 56
[29/Feb/2024:06:11:21 +0000] GET /api/v1/user/sendMailToLogin 401 547.434 ms - 56
[29/Feb/2024:06:13:49 +0000] GET /api/v1/user/sendMailToLogin 200 613.792 ms - 56
[29/Feb/2024:06:44:04 +0000] GET /api/v1/user/sendMailToLogin 401 4.539 ms - 56
[29/Feb/2024:06:44:24 +0000] GET /api/v1/user/sendMailToLogin 401 9.636 ms - 56
[29/Feb/2024:06:44:49 +0000] GET /api/v1/user/sendMailToLogin 401 133.467 ms - 59
[29/Feb/2024:06:47:25 +0000] GET /api/v1/user/sendMailToLogin 401 130.081 ms - 59
[29/Feb/2024:07:02:02 +0000] GET /api/v1/user/sendMailToLogin 401 2883.961 ms - 56
[29/Feb/2024:07:02:27 +0000] GET /api/v1/user/sendMailToLogin 401 2772.229 ms - 56
[29/Feb/2024:07:03:31 +0000] GET /api/v1/user/sendMailToLogin 401 2947.877 ms - 56
[29/Feb/2024:07:05:02 +0000] GET /api/v1/user/sendMailToLogin 401 2766.819 ms - 56
[29/Feb/2024:07:14:50 +0000] GET /api/v1/user/sendMailToLogin 401 103.634 ms - 59
[29/Feb/2024:07:16:46 +0000] GET /api/v1/user/sendMailToLogin 401 144.105 ms - 59
[29/Feb/2024:07:17:30 +0000] GET /api/v1/user/sendMailToLogin 401 124.405 ms - 59
[29/Feb/2024:07:18:07 +0000] GET /api/v1/user/sendMailToLogin 401 93.044 ms - 59
[29/Feb/2024:07:20:00 +0000] GET /api/v1/user/sendMailToLogin 401 61.957 ms - 56
[29/Feb/2024:07:20:26 +0000] GET /api/v1/user/sendMailToLogin 401 87.763 ms - 59
[29/Feb/2024:07:21:24 +0000] GET /api/v1/user/sendMailToLogin 401 80.978 ms - 56
[29/Feb/2024:07:22:05 +0000] GET /api/v1/user/sendMailToLogin 401 115.807 ms - 59
[29/Feb/2024:07:26:34 +0000] GET /api/v1/user/sendMailToLogin 401 56.469 ms - 59
[29/Feb/2024:07:26:57 +0000] GET /api/v1/user/sendMailToLogin 401 89.735 ms - 56
[29/Feb/2024:08:29:21 +0000] GET /api/v1/user/sendMailToLogin 401 135.906 ms - 56
[29/Feb/2024:08:29:53 +0000] GET /api/v1/user/sendMailToLogin 401 132.619 ms - 59
[29/Feb/2024:09:29:16 +0000] GET /api/v1/user/sendMailToLogin 200 193.268 ms - 235
[29/Feb/2024:09:29:30 +0000] GET /api/v1/user/login 404 2.021 ms - 156
[29/Feb/2024:09:30:32 +0000] POST /api/v1/user/login - - ms - -
[29/Feb/2024:09:34:40 +0000] GET /api/v1/user/sendMailToLogin 200 198.173 ms - 235
[29/Feb/2024:09:46:44 +0000] GET /api/v1/user/sendMailToLogin 200 860.910 ms - 157
[29/Feb/2024:09:47:17 +0000] POST /api/v1/user/login 200 130.101 ms - 206
[29/Feb/2024:09:49:39 +0000] GET /api/v1/user/sendMailToLogin 200 231.689 ms - 157
[29/Feb/2024:09:49:55 +0000] POST /api/v1/user/login 401 127.188 ms - 40
[29/Feb/2024:09:50:05 +0000] POST /api/v1/user/login 401 110.605 ms - 40
[29/Feb/2024:10:02:03 +0000] GET /api/v1/user/sendMailToLogin 200 169.341 ms - 235
[29/Feb/2024:10:02:20 +0000] POST /api/v1/user/login 200 55.583 ms - 206
[29/Feb/2024:10:07:20 +0000] GET /api/v1/user/detail 401 2.499 ms - 48
[29/Feb/2024:10:08:33 +0000] GET /api/v1/user/detail 401 2.148 ms - 52
[29/Feb/2024:10:09:25 +0000] GET /api/v1/user/detail 200 45.422 ms - 384
[29/Feb/2024:10:35:13 +0000] GET /api/v1/user/sendMailToLogin 401 34.327 ms - 44
[29/Feb/2024:10:35:40 +0000] GET /api/v1/user/sendMailToLogin 200 618.763 ms - 276
[29/Feb/2024:10:36:11 +0000] POST /api/v1/user/login 200 51.111 ms - 206
[29/Feb/2024:10:36:19 +0000] GET /api/v1/user/detail 200 25.282 ms - 384
[29/Feb/2024:10:37:42 +0000] PUT /api/v1/user/update-detail 200 132.867 ms - 390
[29/Feb/2024:10:45:47 +0000] GET /api/v1/user/logout 401 2.350 ms - 52
[29/Feb/2024:10:45:55 +0000] GET /api/v1/user/logout 401 0.504 ms - 52
[29/Feb/2024:10:46:26 +0000] GET /api/v1/user/sendMailToLogin 200 843.320 ms - 276
[29/Feb/2024:10:47:08 +0000] POST /api/v1/user/login 200 69.925 ms - 206
[29/Feb/2024:10:47:29 +0000] GET /api/v1/user/detail 200 33.008 ms - 384
[29/Feb/2024:10:47:37 +0000] GET /api/v1/user/logout 200 34.618 ms - 40
[29/Feb/2024:10:49:54 +0000] GET /api/v1/user/sendMailToLogin 200 185.168 ms - 276
[29/Feb/2024:10:50:03 +0000] POST /api/v1/user/login 200 66.099 ms - 206
[29/Feb/2024:10:50:12 +0000] GET /api/v1/user/logout 200 34.549 ms - 40
[29/Feb/2024:10:53:38 +0000] GET /api/v1/user/logout 401 2.186 ms - 52
[29/Feb/2024:10:54:29 +0000] GET /api/v1/user/sendMailToLogin 200 1341.508 ms - 276
[29/Feb/2024:10:54:38 +0000] POST /api/v1/user/login 200 59.057 ms - 206
[29/Feb/2024:10:55:04 +0000] GET /api/v1/user/detail 200 33.969 ms - 384
[29/Feb/2024:10:58:03 +0000] GET /api/v1/user/logout 200 41.666 ms - 40
[29/Feb/2024:10:59:41 +0000] GET /api/v1/user/sendMailToLogin 200 149.955 ms - 276
[29/Feb/2024:10:59:52 +0000] POST /api/v1/user/login 200 45.662 ms - 206
[29/Feb/2024:11:00:05 +0000] GET /api/v1/user/detail 200 23.895 ms - 384
[29/Feb/2024:11:01:08 +0000] PUT /api/v1/user/update-detail 200 127.537 ms - 390
[29/Feb/2024:11:01:14 +0000] GET /api/v1/user/detail 200 21.170 ms - 384
[29/Feb/2024:11:01:20 +0000] GET /api/v1/user/logout 200 21.971 ms - 40
[29/Feb/2024:11:03:08 +0000] GET /api/v1/user/sendMailToLogin 200 171.827 ms - 276
[29/Feb/2024:11:03:15 +0000] POST /api/v1/user/login 200 49.331 ms - 206
[29/Feb/2024:11:03:17 +0000] GET /api/v1/user/detail 200 26.038 ms - 384
[29/Feb/2024:11:03:56 +0000] PUT /api/v1/user/update-detail 200 74.127 ms - 369
[29/Feb/2024:11:03:59 +0000] GET /api/v1/user/logout 200 23.071 ms - 40
