[04/Mar/2024:04:08:53 +0000] POST /api/v1/theaterScreen/ 401 2.082 ms - 64
[04/Mar/2024:04:09:03 +0000] POST /api/v1/admin/login 200 63.026 ms - 222
[04/Mar/2024:04:09:14 +0000] POST /api/v1/theaterScreen/ 200 283.775 ms - 242
[04/Mar/2024:04:43:59 +0000] GET /api/v1/theaterScreen/ 404 32.479 ms - 160
[04/Mar/2024:04:44:28 +0000] GET /api/v1/theaterScreen/ 200 61.893 ms - 248
[04/Mar/2024:04:55:15 +0000] POST /api/v1/theaterScreen/ 401 36.387 ms - 84
[04/Mar/2024:04:55:42 +0000] POST /api/v1/theaterScreen/ 401 28.898 ms - 294
[04/Mar/2024:05:11:46 +0000] PUT /api/v1/theaterScreen/65e5496a28cdcb5d81e4c1da 200 163.055 ms - 256
[04/Mar/2024:05:11:51 +0000] PUT /api/v1/theaterScreen/65e5496a28cdcb5d81e4c1da 401 26.937 ms - 56
[04/Mar/2024:05:33:23 +0000] GET /api/v1/theaterScreen/theater 200 107.022 ms - 369
[04/Mar/2024:05:51:13 +0000] PUT /api/v1/theater/65e1c7d23f307d4e5b51b024 200 194.802 ms - 218
[04/Mar/2024:05:51:23 +0000] PUT /api/v1/theater/65e1c7d23f307d4e5b51b024 200 153.763 ms - 219
[04/Mar/2024:05:56:05 +0000] POST /api/v1/theater/ 200 154.298 ms - 212
[04/Mar/2024:05:57:10 +0000] POST /api/v1/theaterScreen/ 200 257.750 ms - 242
[04/Mar/2024:05:57:18 +0000] POST /api/v1/theaterScreen/ 200 250.320 ms - 242
[04/Mar/2024:05:57:20 +0000] POST /api/v1/theaterScreen/ 200 252.172 ms - 242
[04/Mar/2024:05:57:21 +0000] POST /api/v1/theaterScreen/ 200 249.636 ms - 242
[04/Mar/2024:05:57:22 +0000] POST /api/v1/theaterScreen/ 401 184.271 ms - 84
[04/Mar/2024:06:41:19 +0000] DELETE /api/v1/theater/65e1c7d23f307d4e5b51b024 401 171.004 ms - 65
[04/Mar/2024:06:41:36 +0000] DELETE /api/v1/theater/65e1c7d23f307d4e5b51b024 200 157.876 ms - 65
[04/Mar/2024:08:36:45 +0000] POST /api/v1/movie/add 200 125.092 ms - 403
[04/Mar/2024:08:38:04 +0000] POST /api/v1/movieSlot/ 401 81.248 ms - 45
[04/Mar/2024:08:38:32 +0000] POST /api/v1/movieSlot/ 200 188.031 ms - 399
[04/Mar/2024:08:57:15 +0000] GET /api/v1/theaterScreen/ 200 60.476 ms - 960
[04/Mar/2024:08:59:54 +0000] PUT /api/v1/movieSlot/65e5888832752534fb80d734 200 92.229 ms - 393
[04/Mar/2024:09:05:52 +0000] GET /api/v1/movieSlot/ 200 59.195 ms - 387
[04/Mar/2024:09:18:53 +0000] GET /api/v1/movieSlot/time 200 56.600 ms - 403
[04/Mar/2024:09:18:58 +0000] GET /api/v1/movieSlot/time 401 45.545 ms - 54
[04/Mar/2024:09:31:33 +0000] POST /api/v1/movieSlot/ 200 182.680 ms - 399
[04/Mar/2024:09:32:45 +0000] GET /api/v1/movieSlot/time 401 44.378 ms - 54
[04/Mar/2024:09:32:55 +0000] GET /api/v1/movieSlot/time 200 44.991 ms - 403
[04/Mar/2024:09:33:39 +0000] DELETE /api/v1/movieSlot/65e5888832752534fb80d734 200 66.021 ms - 103
[04/Mar/2024:09:46:42 +0000] GET /api/v1/movieSlot/ 401 5.687 ms - 57
[04/Mar/2024:09:47:51 +0000] GET /api/v1/movieSlot/ 200 24.160 ms - 140
[04/Mar/2024:09:48:27 +0000] GET /api/v1/movieSlot/ 200 25.772 ms - 143
[04/Mar/2024:09:49:50 +0000] GET /api/v1/movieSlot/ 401 33.519 ms - 57
[04/Mar/2024:09:50:21 +0000] GET /api/v1/movieSlot/ 401 54.599 ms - 57
[04/Mar/2024:09:50:47 +0000] GET /api/v1/movieSlot/ 401 60.398 ms - 57
[04/Mar/2024:09:51:21 +0000] GET /api/v1/movieSlot/ 200 34.121 ms - 130
[04/Mar/2024:09:53:33 +0000] GET /api/v1/movieSlot/ 200 52.935 ms - 131
[04/Mar/2024:09:56:27 +0000] GET /api/v1/movieSlot/ 200 23.424 ms - 93
[04/Mar/2024:10:01:29 +0000] GET /api/v1/movieSlot/ 200 25.083 ms - 103
[04/Mar/2024:10:02:50 +0000] GET /api/v1/movieSlot/ 401 6.936 ms - 57
[04/Mar/2024:10:04:25 +0000] GET /api/v1/movieSlot/ 401 4.765 ms - 57
[04/Mar/2024:10:04:26 +0000] GET /api/v1/movieSlot/ 401 1.199 ms - 57
[04/Mar/2024:10:04:37 +0000] GET /api/v1/movieSlot/ 401 5.327 ms - 57
[04/Mar/2024:10:04:40 +0000] GET /api/v1/movieSlot/ 401 4.072 ms - 57
[04/Mar/2024:10:05:24 +0000] GET /api/v1/movieSlot/ 401 5.586 ms - 57
[04/Mar/2024:10:05:41 +0000] GET /api/v1/movieSlot/ 401 5.792 ms - 57
[04/Mar/2024:10:08:27 +0000] GET /api/v1/movieSlot/ 401 6.458 ms - 57
[04/Mar/2024:10:08:28 +0000] GET /api/v1/movieSlot/ 401 1.154 ms - 57
[04/Mar/2024:10:08:29 +0000] GET /api/v1/movieSlot/ 401 0.763 ms - 57
[04/Mar/2024:10:08:30 +0000] GET /api/v1/movieSlot/ 401 0.483 ms - 57
[04/Mar/2024:10:08:48 +0000] GET /api/v1/movieSlot/ 401 6.413 ms - 57
[04/Mar/2024:10:10:04 +0000] GET /api/v1/movieSlot/ 401 4.871 ms - 57
[04/Mar/2024:10:11:09 +0000] GET /api/v1/movieSlot/ 401 5.533 ms - 57
[04/Mar/2024:10:11:27 +0000] GET /api/v1/movieSlot/ 401 5.411 ms - 57
[04/Mar/2024:10:12:47 +0000] GET /api/v1/movieSlot/ 401 5.207 ms - 57
[04/Mar/2024:10:12:48 +0000] GET /api/v1/movieSlot/ 401 1.072 ms - 57
[04/Mar/2024:10:14:30 +0000] GET /api/v1/movieSlot/ 401 4.788 ms - 57
[04/Mar/2024:10:15:24 +0000] GET /api/v1/movieSlot/ 200 55.888 ms - 107
[04/Mar/2024:10:15:32 +0000] GET /api/v1/movieSlot/ 200 36.859 ms - 107
[04/Mar/2024:10:16:50 +0000] GET /api/v1/movieSlot/ 200 22.060 ms - 138
[04/Mar/2024:10:16:55 +0000] GET /api/v1/movieSlot/ 200 19.500 ms - 138
[04/Mar/2024:10:17:50 +0000] GET /api/v1/movieSlot/ 200 26.417 ms - 164
[04/Mar/2024:10:18:06 +0000] GET /api/v1/movieSlot/ 200 28.215 ms - 131
[04/Mar/2024:10:19:11 +0000] GET /api/v1/movieSlot/ 200 24.801 ms - 130
[04/Mar/2024:10:19:13 +0000] GET /api/v1/movieSlot/ 200 21.006 ms - 130
[04/Mar/2024:10:19:43 +0000] GET /api/v1/movieSlot/ 200 25.363 ms - 93
[04/Mar/2024:10:23:16 +0000] GET /api/v1/movieSlot/ 200 26.882 ms - 433
[04/Mar/2024:10:24:04 +0000] GET /api/v1/movieSlot/ 200 29.573 ms - 432
[04/Mar/2024:10:24:28 +0000] GET /api/v1/movieSlot/ 401 5.104 ms - 57
[04/Mar/2024:10:25:09 +0000] POST /api/v1/movieSlot/ 200 226.977 ms - 399
[04/Mar/2024:10:25:20 +0000] GET /api/v1/movieSlot/ 200 35.189 ms - 761
[04/Mar/2024:10:25:35 +0000] POST /api/v1/movieSlot/ 200 253.689 ms - 399
[04/Mar/2024:10:25:39 +0000] GET /api/v1/movieSlot/ 200 31.633 ms - 1135
[04/Mar/2024:10:27:50 +0000] GET /api/v1/movieSlot/ 401 6.079 ms - 57
[04/Mar/2024:10:28:33 +0000] GET /api/v1/movieSlot/ 401 31.664 ms - 57
[04/Mar/2024:10:30:58 +0000] GET /api/v1/movieSlot/ 401 134.396 ms - 57
[04/Mar/2024:10:34:35 +0000] GET /api/v1/movieSlot/ 200 27.519 ms - 1135
[04/Mar/2024:10:36:12 +0000] GET /api/v1/movieSlot/ 401 39.263 ms - 57
[04/Mar/2024:10:36:24 +0000] GET /api/v1/movieSlot/ 200 24.987 ms - 1135
[04/Mar/2024:11:40:34 +0000] POST /api/v1/movieSeat/ 401 42.450 ms - 76
[04/Mar/2024:11:42:31 +0000] POST /api/v1/movieSeat/ 401 55.261 ms - 49
[04/Mar/2024:11:43:06 +0000] POST /api/v1/movieSeat/ 401 46.694 ms - 76
[04/Mar/2024:11:44:14 +0000] POST /api/v1/movieSeat/ 200 664.674 ms - 40
[04/Mar/2024:12:00:09 +0000] GET /api/v1/movieSeat/ 401 26.012 ms - 50
[04/Mar/2024:12:00:50 +0000] GET /api/v1/movieSeat/ 200 47.016 ms - 364
[04/Mar/2024:12:02:25 +0000] GET /api/v1/movieSeat/ 200 45.259 ms - 350
[04/Mar/2024:12:19:01 +0000] GET /api/v1/movieSeat/seat 401 54.435 ms - 47
[04/Mar/2024:12:19:18 +0000] GET /api/v1/movieSeat/seat 401 57.588 ms - 63
[04/Mar/2024:12:20:00 +0000] GET /api/v1/movieSeat/seat 401 55.619 ms - 63
[04/Mar/2024:12:20:01 +0000] GET /api/v1/movieSeat/seat 401 45.277 ms - 63
[04/Mar/2024:12:20:01 +0000] GET /api/v1/movieSeat/seat 401 43.879 ms - 63
[04/Mar/2024:12:20:11 +0000] GET /api/v1/movieSeat/seat 200 59.748 ms - 2690
[04/Mar/2024:12:20:24 +0000] GET /api/v1/movieSeat/seat 401 59.757 ms - 63
[04/Mar/2024:12:20:42 +0000] GET /api/v1/movieSeat/seat 401 54.597 ms - 63
[04/Mar/2024:12:20:50 +0000] GET /api/v1/movieSeat/seat 401 57.118 ms - 63
[04/Mar/2024:12:20:50 +0000] GET /api/v1/movieSeat/seat 401 44.988 ms - 63
[04/Mar/2024:12:20:51 +0000] GET /api/v1/movieSeat/seat 401 44.325 ms - 63
[04/Mar/2024:12:22:17 +0000] GET /api/v1/movieSeat/seat 401 54.067 ms - 63
[04/Mar/2024:12:22:28 +0000] GET /api/v1/movieSeat/seat 401 59.487 ms - 63
[04/Mar/2024:12:22:29 +0000] GET /api/v1/movieSeat/seat 401 41.582 ms - 63
[04/Mar/2024:12:23:56 +0000] GET /api/v1/movieSeat/seat 401 64.027 ms - 63
[04/Mar/2024:12:24:20 +0000] GET /api/v1/movieSeat/seat 401 53.129 ms - 63
[04/Mar/2024:12:24:33 +0000] GET /api/v1/movieSeat/seat 401 50.993 ms - 63
[04/Mar/2024:12:24:37 +0000] GET /api/v1/movieSeat/seat 401 41.966 ms - 63
[04/Mar/2024:12:24:51 +0000] GET /api/v1/movieSeat/seat 401 51.905 ms - 63
[04/Mar/2024:12:25:18 +0000] GET /api/v1/movieSeat/seat 200 60.855 ms - 2690
[04/Mar/2024:12:28:44 +0000] GET /api/v1/movieSeat/seat 401 52.490 ms - 63
[04/Mar/2024:12:28:46 +0000] GET /api/v1/movieSeat/seat 401 40.023 ms - 63
[04/Mar/2024:12:28:46 +0000] GET /api/v1/movieSeat/seat 401 39.950 ms - 63
[04/Mar/2024:12:29:34 +0000] GET /api/v1/movieSeat/seat 200 53.421 ms - 2690
