[05/Mar/2024:03:29:41 +0000] GET /api/v1/movieSeat/seat 401 1.924 ms - 64
[05/Mar/2024:03:29:59 +0000] POST /api/v1/admin/login 200 35.735 ms - 222
[05/Mar/2024:03:30:19 +0000] GET /api/v1/movieSeat/seat 200 52.695 ms - 2690
[05/Mar/2024:03:32:56 +0000] DELETE /api/v1/movieSeat/seat 401 221.792 ms - 62
[05/Mar/2024:03:33:47 +0000] DELETE /api/v1/movieSeat/seat 200 125.647 ms - 111
[05/Mar/2024:03:45:06 +0000] DELETE /api/v1/movieSeat/ 401 59.011 ms - 50
[05/Mar/2024:03:45:17 +0000] POST /api/v1/movieSeat/ 200 990.185 ms - 40
[05/Mar/2024:03:46:01 +0000] DELETE /api/v1/movieSeat/ 401 73.537 ms - 106
[05/Mar/2024:03:46:12 +0000] POST /api/v1/movieSeat/ 200 540.223 ms - 40
[05/Mar/2024:03:46:36 +0000] POST /api/v1/movieSeat/ 200 578.450 ms - 40
[05/Mar/2024:03:47:00 +0000] POST /api/v1/movieSeat/ 200 569.788 ms - 40
[05/Mar/2024:04:15:39 +0000] GET /api/v1/movieSeat/ 200 67.793 ms - 976
[05/Mar/2024:04:17:23 +0000] DELETE /api/v1/movieSeat/seat 200 83.188 ms - 111
[05/Mar/2024:04:17:40 +0000] POST /api/v1/movieSeat/ 200 592.570 ms - 40
[05/Mar/2024:04:17:45 +0000] GET /api/v1/movieSeat/ 200 45.687 ms - 976
[05/Mar/2024:04:18:12 +0000] GET /api/v1/movieSeat/ 200 56.645 ms - 3055
[05/Mar/2024:04:18:39 +0000] POST /api/v1/movieSeatBooking/ 401 0.726 ms - 52
[05/Mar/2024:04:18:57 +0000] GET /api/v1/user/sendMailToLogin 200 254.899 ms - 276
[05/Mar/2024:04:19:15 +0000] POST /api/v1/user/login 200 44.232 ms - 229
[05/Mar/2024:04:19:16 +0000] POST /api/v1/user/login 200 45.439 ms - 229
[05/Mar/2024:04:19:30 +0000] POST /api/v1/movieSeatBooking/ 200 24.635 ms - 45
[05/Mar/2024:04:20:10 +0000] POST /api/v1/movieSeatBooking/ 200 33.084 ms - 53
[05/Mar/2024:04:20:25 +0000] POST /api/v1/movieSeatBooking/ 200 34.854 ms - 53
[05/Mar/2024:04:20:51 +0000] POST /api/v1/movieSeatBooking/ 200 45.738 ms - 45
[05/Mar/2024:04:21:19 +0000] POST /api/v1/movieSeatBooking/ 200 35.280 ms - 45
[05/Mar/2024:04:21:54 +0000] POST /api/v1/movieSeatBooking/ 200 58.355 ms - 45
[05/Mar/2024:04:22:05 +0000] POST /api/v1/movieSeatBooking/ 200 36.776 ms - 53
[05/Mar/2024:04:22:18 +0000] POST /api/v1/movieSeatBooking/ 200 37.837 ms - 53
[05/Mar/2024:04:22:40 +0000] POST /api/v1/movieSeatBooking/ 200 49.892 ms - 45
[05/Mar/2024:04:24:19 +0000] POST /api/v1/movieSeatBooking/ 200 34.617 ms - 45
[05/Mar/2024:04:24:30 +0000] POST /api/v1/movieSeatBooking/ 200 38.748 ms - 45
[05/Mar/2024:04:24:34 +0000] POST /api/v1/movieSeatBooking/ 200 24.936 ms - 45
[05/Mar/2024:04:24:34 +0000] POST /api/v1/movieSeatBooking/ 200 23.114 ms - 45
[05/Mar/2024:04:24:35 +0000] POST /api/v1/movieSeatBooking/ 200 24.342 ms - 45
[05/Mar/2024:04:24:56 +0000] POST /api/v1/movieSeatBooking/ 200 36.185 ms - 45
[05/Mar/2024:04:25:10 +0000] POST /api/v1/movieSeatBooking/ 200 34.420 ms - 45
[05/Mar/2024:04:25:40 +0000] POST /api/v1/movieSeatBooking/ 401 31.274 ms - 56
[05/Mar/2024:04:25:48 +0000] POST /api/v1/movieSeatBooking/ 200 64.763 ms - 45
[05/Mar/2024:04:30:26 +0000] POST /api/v1/movieSeatBooking/ 200 57.431 ms - 45
[05/Mar/2024:04:30:41 +0000] POST /api/v1/movieSeatBooking/ 200 34.803 ms - 45
[05/Mar/2024:04:31:56 +0000] POST /api/v1/movieSeatBooking/ 200 49.784 ms - 45
[05/Mar/2024:04:34:41 +0000] POST /api/v1/movieSeatBooking/ 200 50.644 ms - 53
[05/Mar/2024:04:34:57 +0000] POST /api/v1/movieSeatBooking/ 200 39.953 ms - 45
[05/Mar/2024:04:35:40 +0000] POST /api/v1/movieSeatBooking/ 200 46.246 ms - 53
[05/Mar/2024:04:41:10 +0000] POST /api/v1/movieSeatBooking/ 401 156.395 ms - 63
[05/Mar/2024:04:42:20 +0000] POST /api/v1/movieSeatBooking/ 401 150.529 ms - 63
[05/Mar/2024:04:42:21 +0000] POST /api/v1/movieSeatBooking/ 401 134.240 ms - 63
[05/Mar/2024:04:42:38 +0000] POST /api/v1/movieSeatBooking/ 401 129.852 ms - 63
[05/Mar/2024:04:43:22 +0000] POST /api/v1/movieSeatBooking/ 200 84.440 ms - 44
[05/Mar/2024:04:43:23 +0000] POST /api/v1/movieSeatBooking/ 200 76.838 ms - 44
[05/Mar/2024:04:43:48 +0000] POST /api/v1/movieSeatBooking/ 200 117.643 ms - 48
[05/Mar/2024:04:48:15 +0000] POST /api/v1/movieSeatBooking/ 401 204.805 ms - 63
[05/Mar/2024:04:48:35 +0000] POST /api/v1/movieSeatBooking/ 401 57.589 ms - 63
[05/Mar/2024:04:49:20 +0000] POST /api/v1/movieSeatBooking/ 200 162.673 ms - 320
[05/Mar/2024:06:10:32 +0000] POST /api/v1/payment/create-payment 500 915.649 ms - 33
[05/Mar/2024:06:11:34 +0000] POST /api/v1/payment/create-payment 500 961.216 ms - 33
[05/Mar/2024:06:25:03 +0000] POST /api/v1/payment/create-payment 302 852.354 ms - 26
[05/Mar/2024:06:25:03 +0000] GET /err 404 1.447 ms - 142
[05/Mar/2024:06:25:26 +0000] POST /api/v1/payment/create-payment 302 1415.846 ms - 29
[05/Mar/2024:06:25:26 +0000] GET /cancel 404 1.216 ms - 145
[05/Mar/2024:06:25:47 +0000] POST /api/v1/payment/create-payment 302 985.098 ms - 44
[05/Mar/2024:06:25:47 +0000] GET /api/v1/payment/cancel 200 1.887 ms - 43
[05/Mar/2024:06:31:21 +0000] GET /api/v1/payment/create-payment 404 2.512 ms - 168
[05/Mar/2024:06:31:43 +0000] GET /api/v1/payment/create-payment 302 927.536 ms - 44
[05/Mar/2024:06:31:43 +0000] GET /api/v1/payment/cancel 200 2.060 ms - 43
[05/Mar/2024:06:32:40 +0000] GET /api/v1/payment/create-payment 401 0.422 ms - 52
[05/Mar/2024:06:32:40 +0000] GET /favicon.ico 404 1.923 ms - 150
[05/Mar/2024:06:33:09 +0000] GET /api/v1/payment/create-payment 302 959.551 ms - 88
[05/Mar/2024:06:33:09 +0000] GET /api/v1/payment/cancel 200 1.885 ms - 43
[05/Mar/2024:06:38:59 +0000] GET /api/v1/payment/create-payment 302 1101.560 ms - 44
[05/Mar/2024:06:38:59 +0000] GET /api/v1/payment/cancel 200 0.363 ms - 43
[05/Mar/2024:06:44:19 +0000] GET /api/v1/payment/create-payment 302 1309.363 ms - 44
[05/Mar/2024:06:44:19 +0000] GET /api/v1/payment/cancel 200 2.379 ms - 43
[05/Mar/2024:06:49:30 +0000] GET / 302 3.274 ms - 66
[05/Mar/2024:06:49:30 +0000] GET /index.html 404 1.186 ms - 149
[05/Mar/2024:06:50:57 +0000] GET /index.html 404 2.039 ms - 149
[05/Mar/2024:06:50:58 +0000] GET /index.html 404 0.342 ms - 149
[05/Mar/2024:06:50:58 +0000] GET /index.html 404 0.192 ms - 149
[05/Mar/2024:06:50:58 +0000] GET /index.html 404 0.255 ms - 149
[05/Mar/2024:06:50:59 +0000] GET /index.html 404 0.175 ms - 149
[05/Mar/2024:06:50:59 +0000] GET /index.html 404 0.253 ms - 149
[05/Mar/2024:06:51:05 +0000] GET /api/v1/payment/create-payment 302 775.265 ms - 44
[05/Mar/2024:06:51:05 +0000] GET /api/v1/payment/cancel 200 1.810 ms - 43
[05/Mar/2024:06:51:29 +0000] GET /api/v1/payment/create-payment 302 1250.080 ms - 44
[05/Mar/2024:06:51:29 +0000] GET /api/v1/payment/cancel 200 1.855 ms - 43
[05/Mar/2024:06:51:50 +0000] GET /index.html 404 2.594 ms - 149
[05/Mar/2024:06:51:51 +0000] GET /index.html 404 0.446 ms - 149
[05/Mar/2024:06:51:51 +0000] GET /index.html 404 0.287 ms - 149
[05/Mar/2024:06:51:52 +0000] GET /index.html 404 0.267 ms - 149
[05/Mar/2024:06:51:52 +0000] GET /index.html 404 0.302 ms - 149
[05/Mar/2024:06:51:52 +0000] GET /index.html 404 0.237 ms - 149
[05/Mar/2024:06:52:12 +0000] GET / 302 2.856 ms - 82
[05/Mar/2024:06:52:12 +0000] GET /public/index.html 404 1.792 ms - 156
[05/Mar/2024:08:49:30 +0000] GET /api/v1/payment/create-payment - - ms - -
[05/Mar/2024:08:51:16 +0000] GET /api/v1/payment/create-payment - - ms - -
[05/Mar/2024:08:52:46 +0000] GET /api/v1/payment/create-payment - - ms - -
[05/Mar/2024:08:52:52 +0000] GET /api/v1/payment/create-payment - - ms - -
[05/Mar/2024:09:21:06 +0000] GET /api/v1/payment/cancel 304 2.997 ms - -
[05/Mar/2024:09:45:17 +0000] GET /api/v1/payment/create-payment 200 3870.312 ms - 8
[05/Mar/2024:10:01:11 +0000] GET /api/v1/payment/create-payment 200 11046.787 ms - 321
[05/Mar/2024:10:02:17 +0000] GET /api/v1/payment/create-payment 200 5946.299 ms - 321
[05/Mar/2024:10:06:31 +0000] GET /api/v1/payment/paymentCheckOut 404 1.452 ms - 169
[05/Mar/2024:10:06:31 +0000] GET /api/v1/payment/paymentCheckOut 404 0.642 ms - 169
[05/Mar/2024:10:11:04 +0000] GET /api/v1/payment/create-payment 200 2684.973 ms - 321
[05/Mar/2024:10:12:08 +0000] GET /api/v1/payment/create-payment 200 2562.057 ms - 321
[05/Mar/2024:10:14:16 +0000] GET /api/v1/payment/create-payment 200 3058.447 ms - 321
[05/Mar/2024:10:15:10 +0000] GET /api/v1/payment/create-payment 200 2334.029 ms - 321
[05/Mar/2024:10:20:52 +0000] GET /api/v1/payment/CheckOut - - ms - -
[05/Mar/2024:10:20:58 +0000] GET /api/v1/payment/create-payment 200 3720.055 ms - 321
[05/Mar/2024:10:21:17 +0000] GET /api/v1/payment/create-payment 200 2950.516 ms - 321
[05/Mar/2024:10:21:58 +0000] GET /api/v1/payment/create-payment 200 2268.083 ms - 321
[05/Mar/2024:10:23:11 +0000] GET /api/v1/payment/create-payment 200 2282.882 ms - 2
[05/Mar/2024:10:24:25 +0000] GET /api/v1/payment/create-payment 200 2621.788 ms - 2
[05/Mar/2024:10:25:37 +0000] GET /api/v1/payment/create-payment 200 2120.671 ms - 2
[05/Mar/2024:10:29:11 +0000] GET /api/v1/payment/create-payment 200 2317.688 ms - 321
[05/Mar/2024:10:29:34 +0000] GET /api/v1/payment/create-payment 200 2508.714 ms - 321
[05/Mar/2024:10:29:51 +0000] GET /api/v1/payment/create-payment 200 2229.846 ms - 321
[05/Mar/2024:10:34:57 +0000] GET /api/v1/payment/create-payment 200 2711.372 ms - 321
[05/Mar/2024:10:34:57 +0000] GET /favicon.ico 404 1.995 ms - 150
[05/Mar/2024:10:40:53 +0000] GET /api/v1/payment/create-payment 200 2193.103 ms - 321
[05/Mar/2024:10:49:22 +0000] GET /api/v1/payment/create-payment 200 1644.451 ms - 321
[05/Mar/2024:10:54:51 +0000] GET /api/v1/payment/create-payment 200 2241.612 ms - 321
[05/Mar/2024:10:57:11 +0000] GET /api/v1/payment/CheckOut - - ms - -
[05/Mar/2024:10:57:25 +0000] GET /api/v1/payment/create-payment 200 2501.110 ms - 321
[05/Mar/2024:10:57:57 +0000] GET /api/v1/payment/paymentCheckOut 404 2.642 ms - 169
[05/Mar/2024:10:58:42 +0000] GET /api/v1/payment/CheckOut - - ms - -
[05/Mar/2024:10:58:42 +0000] GET /api/v1/payment/paymentCheckOut 404 0.566 ms - 169
[05/Mar/2024:10:58:42 +0000] GET /api/v1/payment/paymentCheckOut 404 1.373 ms - 169
[05/Mar/2024:10:58:44 +0000] GET /api/v1/payment/paymentCheckOut 404 1.788 ms - 169
[05/Mar/2024:10:58:45 +0000] GET /api/v1/payment/paymentCheckOut 404 0.681 ms - 169
[05/Mar/2024:10:58:45 +0000] GET /api/v1/payment/paymentCheckOut 404 0.441 ms - 169
[05/Mar/2024:10:58:45 +0000] GET /api/v1/payment/paymentCheckOut 404 1.277 ms - 169
[05/Mar/2024:10:58:45 +0000] GET /api/v1/payment/paymentCheckOut 404 0.365 ms - 169
[05/Mar/2024:10:58:46 +0000] GET /api/v1/payment/paymentCheckOut 404 0.502 ms - 169
[05/Mar/2024:10:58:47 +0000] GET /api/v1/payment/paymentCheckOut 404 0.478 ms - 169
[05/Mar/2024:10:59:27 +0000] GET /api/v1/payment/CheckOut - - ms - -
[05/Mar/2024:11:02:18 +0000] GET /api/v1/payment/CheckOut - - ms - -
[05/Mar/2024:11:02:22 +0000] GET /api/v1/payment/create-payment 200 2134.753 ms - 321
[05/Mar/2024:11:05:21 +0000] GET /api/v1/payment/create-payment 200 1873.641 ms - 321
[05/Mar/2024:11:06:56 +0000] GET /api/v1/payment/create-payment 200 2420.231 ms - 321
[05/Mar/2024:11:12:33 +0000] GET /api/v1/payment/create-payment 200 1887.122 ms - 321
[05/Mar/2024:11:19:35 +0000] GET /api/v1/payment/create-payment 200 1814.052 ms - 321
[05/Mar/2024:11:29:26 +0000] GET /api/v1/payment/create-payment 200 2259.546 ms - 321
[05/Mar/2024:11:34:30 +0000] GET /api/v1/payment/create-payment 200 1864.782 ms - 321
[05/Mar/2024:11:34:53 +0000] GET /api/v1/payment/checkOut?token=50T91193KF386792M&PayerID=BMQ3JSMEFDJEY 200 2877.743 ms - 2
[05/Mar/2024:11:51:03 +0000] GET /api/v1/payment/create-payment 200 1948.245 ms - 321
[05/Mar/2024:11:54:27 +0000] GET /api/v1/payment/checkOut?token=19P67423BT695683N&PayerID=BMQ3JSMEFDJEY 200 1841.164 ms - 2
[05/Mar/2024:11:59:40 +0000] GET /api/v1/payment/checkOut?token=19P67423BT695683N&PayerID=BMQ3JSMEFDJEY - - ms - -
[05/Mar/2024:11:59:41 +0000] GET /api/v1/payment/checkOut?token=19P67423BT695683N&PayerID=BMQ3JSMEFDJEY - - ms - -
[05/Mar/2024:11:59:41 +0000] GET /api/v1/payment/checkOut?token=19P67423BT695683N&PayerID=BMQ3JSMEFDJEY - - ms - -
[05/Mar/2024:11:59:42 +0000] GET /api/v1/payment/checkOut?token=19P67423BT695683N&PayerID=BMQ3JSMEFDJEY - - ms - -
[05/Mar/2024:11:59:43 +0000] GET /api/v1/payment/checkOut?token=19P67423BT695683N&PayerID=BMQ3JSMEFDJEY - - ms - -
[05/Mar/2024:11:59:43 +0000] GET /api/v1/payment/checkOut?token=19P67423BT695683N&PayerID=BMQ3JSMEFDJEY - - ms - -
[05/Mar/2024:11:59:43 +0000] GET /api/v1/payment/checkOut?token=19P67423BT695683N&PayerID=BMQ3JSMEFDJEY - - ms - -
[05/Mar/2024:11:59:44 +0000] GET /api/v1/payment/checkOut?token=19P67423BT695683N&PayerID=BMQ3JSMEFDJEY - - ms - -
[05/Mar/2024:11:59:44 +0000] GET /api/v1/payment/checkOut?token=19P67423BT695683N&PayerID=BMQ3JSMEFDJEY - - ms - -
[05/Mar/2024:11:59:44 +0000] GET /api/v1/payment/checkOut?token=19P67423BT695683N&PayerID=BMQ3JSMEFDJEY - - ms - -
[05/Mar/2024:12:00:06 +0000] GET /api/v1/payment/checkOut?token=19P67423BT695683N&PayerID=BMQ3JSMEFDJEY - - ms - -
[05/Mar/2024:12:02:51 +0000] GET /api/v1/payment/create-payment 200 1414.657 ms - 321
[05/Mar/2024:12:03:19 +0000] GET /api/v1/payment/checkOut?token=9TB60164FU735930L&PayerID=BMQ3JSMEFDJEY 200 1565.795 ms - 2
[05/Mar/2024:12:17:50 +0000] POST /api/v1/payment/create-payment 404 1.466 ms - 169
[05/Mar/2024:12:17:50 +0000] POST /api/v1/movieSeatBooking/ 401 245.970 ms - 63
[05/Mar/2024:12:18:32 +0000] POST /api/v1/movieSeatBooking/ 401 69.765 ms - 63
[05/Mar/2024:12:18:35 +0000] POST /api/v1/movieSeatBooking/ 401 61.488 ms - 63
[05/Mar/2024:12:18:36 +0000] POST /api/v1/movieSeatBooking/ 401 73.550 ms - 63
[05/Mar/2024:12:18:37 +0000] POST /api/v1/movieSeatBooking/ 401 53.700 ms - 63
[05/Mar/2024:12:18:38 +0000] POST /api/v1/movieSeatBooking/ 401 55.743 ms - 63
[05/Mar/2024:12:24:36 +0000] POST /api/v1/movieSeatBooking/ 401 53.286 ms - 63
[05/Mar/2024:12:26:04 +0000] POST /api/v1/movieSeatBooking/ 401 58.641 ms - 63
[05/Mar/2024:12:26:37 +0000] POST /api/v1/payment/create-payment 200 1847.970 ms - 321
[05/Mar/2024:12:26:37 +0000] POST /api/v1/movieSeatBooking/ 200 2069.900 ms - 320
[05/Mar/2024:12:27:02 +0000] GET /api/v1/payment/checkOut/65e70f7bf554d80fb1205ea6?token=4TC34943673492302&PayerID=BMQ3JSMEFDJEY 404 3.506 ms - 187
[05/Mar/2024:12:27:46 +0000] GET /api/v1/payment/checkOut/65e70f7bf554d80fb1205ea6?token=4TC34943673492302&PayerID=BMQ3JSMEFDJEY 200 1688.853 ms - 320
