[06/Mar/2024:03:37:10 +0000] GET /api/v1/movieSeat/ 401 33.074 ms - 50
[06/Mar/2024:03:37:52 +0000] POST /api/v1/movieSlot/ 401 0.561 ms - 64
[06/Mar/2024:03:38:11 +0000] POST /api/v1/admin/login 200 31.894 ms - 222
[06/Mar/2024:03:38:16 +0000] POST /api/v1/movieSlot/ 200 212.100 ms - 399
[06/Mar/2024:03:38:43 +0000] POST /api/v1/movieSeat/ 200 647.987 ms - 40
[06/Mar/2024:03:38:56 +0000] POST /api/v1/movieSeat/ 200 670.675 ms - 40
[06/Mar/2024:03:39:42 +0000] POST /api/v1/movieSeat/ 200 648.965 ms - 40
[06/Mar/2024:03:39:57 +0000] GET /api/v1/movieSeat/ 401 25.922 ms - 50
[06/Mar/2024:03:40:32 +0000] GET /api/v1/movieSeat/ 401 36.081 ms - 50
[06/Mar/2024:03:41:19 +0000] GET /api/v1/movieSeat/ 401 4.188 ms - 71
[06/Mar/2024:03:42:39 +0000] GET /api/v1/movieSeat/ 401 31.977 ms - 50
[06/Mar/2024:03:43:25 +0000] GET /api/v1/movieSeat/ 200 67.221 ms - 4126
[06/Mar/2024:03:44:16 +0000] POST /api/v1/payment/create-payment 200 2526.222 ms - 321
[06/Mar/2024:03:44:16 +0000] POST /api/v1/movieSeatBooking/ 200 2842.450 ms - 320
[06/Mar/2024:03:47:41 +0000] POST /api/v1/payment/create-payment 302 2429.585 ms - 88
[06/Mar/2024:03:48:39 +0000] POST /api/v1/movieSeatBooking/ 401 55.957 ms - 63
[06/Mar/2024:03:48:59 +0000] GET /api/v1/movieSeat/ 200 12260.911 ms - 4880
[06/Mar/2024:03:49:27 +0000] POST /api/v1/payment/create-payment 302 1780.081 ms - 88
[06/Mar/2024:03:50:12 +0000] POST /api/v1/payment/create-payment 302 1418.510 ms - 88
[06/Mar/2024:03:50:13 +0000] POST /api/v1/movieSeatBooking/ 200 2601.380 ms - 320
[06/Mar/2024:03:50:33 +0000] GET /api/v1/payment/checkOut/65e7e7f2fe4d609932ffe32e?token=77G462310M693133H&PayerID=BMQ3JSMEFDJEY 200 1771.792 ms - 320
[06/Mar/2024:03:50:33 +0000] GET /favicon.ico 404 1.065 ms - 150
[06/Mar/2024:03:53:41 +0000] GET /api/v1/movieSeat/ 200 68.457 ms - 4876
[06/Mar/2024:03:54:14 +0000] POST /api/v1/payment/create-payment 302 1875.942 ms - 88
[06/Mar/2024:03:54:15 +0000] POST /api/v1/movieSeatBooking/ 200 2911.123 ms - 293
[06/Mar/2024:03:54:30 +0000] GET /api/v1/payment/checkOut/65e7e8e49cebc0dc0ec7bcff?token=2W521235FW536961E&PayerID=BMQ3JSMEFDJEY 401 1840.409 ms - 59
[06/Mar/2024:03:55:44 +0000] GET /api/v1/payment/checkOut/65e7e8e49cebc0dc0ec7bcff?token=2W521235FW536961E&PayerID=BMQ3JSMEFDJEY 401 1527.434 ms - 59
[06/Mar/2024:03:55:48 +0000] GET /api/v1/payment/checkOut/65e7e8e49cebc0dc0ec7bcff?token=2W521235FW536961E&PayerID=BMQ3JSMEFDJEY 401 882.584 ms - 59
[06/Mar/2024:03:56:57 +0000] POST /api/v1/payment/create-payment 302 2243.529 ms - 88
[06/Mar/2024:03:56:58 +0000] POST /api/v1/movieSeatBooking/ 200 3288.143 ms - 293
[06/Mar/2024:03:57:11 +0000] GET /api/v1/payment/checkOut/65e7e987b398893ca0a3a93b?token=0J771753PF7358906&PayerID=BMQ3JSMEFDJEY 200 1843.989 ms - 293
[06/Mar/2024:03:59:26 +0000] GET /api/v1/user/sendMailToLogin 200 301.050 ms - 276
[06/Mar/2024:04:00:31 +0000] GET /api/v1/user/sendMailToLogin 200 56.682 ms - 276
[06/Mar/2024:04:01:43 +0000] GET /api/v1/user/sendMailToLogin 200 552.938 ms - 276
[06/Mar/2024:04:03:19 +0000] POST /api/v1/user/login 200 48.552 ms - 229
[06/Mar/2024:04:03:35 +0000] GET /api/v1/user/sendMailToLogin 200 56.752 ms - 276
[06/Mar/2024:04:04:32 +0000] GET /api/v1/user/sendMailToLogin 200 153.955 ms - 276
[06/Mar/2024:04:05:49 +0000] GET /api/v1/user/logout 200 28.682 ms - 40
[06/Mar/2024:04:05:54 +0000] GET /api/v1/user/sendMailToLogin 200 54.218 ms - 276
[06/Mar/2024:04:28:31 +0000] GET /api/v1/movieSeat/ 200 69.390 ms - 4874
[06/Mar/2024:04:29:24 +0000] POST /api/v1/movieSeatBooking/ 401 0.697 ms - 52
[06/Mar/2024:04:41:01 +0000] GET /api/v1/user/sendMailToLogin 401 1.840 ms - 67
[06/Mar/2024:04:41:10 +0000] GET /api/v1/user/sendMailToLogin 401 4.370 ms - 56
[06/Mar/2024:04:42:37 +0000] GET /api/v1/user/sendMailToLogin 401 4.317 ms - 56
[06/Mar/2024:04:42:38 +0000] GET /api/v1/user/sendMailToLogin 401 0.911 ms - 56
[06/Mar/2024:04:42:56 +0000] GET /api/v1/user/sendMailToLogin 401 2751.883 ms - 56
[06/Mar/2024:04:42:56 +0000] GET /api/v1/user/sendMailToLogin 401 2567.013 ms - 56
[06/Mar/2024:04:47:48 +0000] GET /api/v1/user/sendMailToLogin 401 2408.064 ms - 56
[06/Mar/2024:04:49:32 +0000] GET /api/v1/user/sendMailToLogin 200 2713.719 ms - 50
[06/Mar/2024:04:50:01 +0000] POST /api/v1/user/login 401 0.629 ms - 53
[06/Mar/2024:04:56:40 +0000] GET /api/v1/user/sendMailToLogin 200 2635.519 ms - 50
[06/Mar/2024:04:57:01 +0000] POST /api/v1/user/login 401 0.603 ms - 67
[06/Mar/2024:04:57:19 +0000] POST /api/v1/user/login 401 21.884 ms - 53
[06/Mar/2024:04:57:48 +0000] POST /api/v1/user/login 401 33.196 ms - 53
[06/Mar/2024:04:58:31 +0000] POST /api/v1/user/login 401 62.731 ms - 40
[06/Mar/2024:04:59:12 +0000] POST /api/v1/user/login 401 52.609 ms - 41
[06/Mar/2024:05:00:13 +0000] GET /api/v1/user/sendMailToLogin 200 2589.370 ms - 50
[06/Mar/2024:05:00:29 +0000] POST /api/v1/user/login 401 47.909 ms - 41
[06/Mar/2024:05:00:31 +0000] POST /api/v1/user/login 401 44.582 ms - 41
[06/Mar/2024:05:02:44 +0000] POST /api/v1/user/login 200 98.738 ms - 46
[06/Mar/2024:05:04:17 +0000] POST /api/v1/user/login 401 82.778 ms - 53
[06/Mar/2024:05:05:08 +0000] GET /api/v1/user/sendMailToLogin 200 2732.638 ms - 50
[06/Mar/2024:05:05:20 +0000] POST /api/v1/user/login 200 118.852 ms - 46
[06/Mar/2024:05:06:58 +0000] POST /api/v1/user/login 401 62.335 ms - 41
[06/Mar/2024:05:07:15 +0000] POST /api/v1/user/login 401 56.940 ms - 41
[06/Mar/2024:05:07:16 +0000] POST /api/v1/user/login 401 58.590 ms - 41
[06/Mar/2024:05:07:23 +0000] GET /api/v1/user/sendMailToLogin 200 2698.436 ms - 50
[06/Mar/2024:05:07:35 +0000] POST /api/v1/user/login 401 51.885 ms - 41
[06/Mar/2024:05:07:38 +0000] POST /api/v1/user/login 401 50.079 ms - 41
[06/Mar/2024:05:07:39 +0000] POST /api/v1/user/login 401 50.288 ms - 41
[06/Mar/2024:05:08:48 +0000] POST /api/v1/user/login 401 53.552 ms - 41
[06/Mar/2024:05:08:49 +0000] POST /api/v1/user/login 401 43.164 ms - 41
[06/Mar/2024:05:08:50 +0000] POST /api/v1/user/login 401 43.927 ms - 41
[06/Mar/2024:05:10:20 +0000] POST /api/v1/user/login 200 92.111 ms - 46
[06/Mar/2024:05:14:14 +0000] POST /api/v1/user/login 200 88.678 ms - 46
[06/Mar/2024:05:14:52 +0000] POST /api/v1/user/login 401 86.666 ms - 41
[06/Mar/2024:05:15:07 +0000] GET /api/v1/user/sendMailToLogin 200 2678.895 ms - 50
[06/Mar/2024:05:15:18 +0000] POST /api/v1/user/login 401 70.588 ms - 41
[06/Mar/2024:05:15:20 +0000] POST /api/v1/user/login 401 137.701 ms - 41
[06/Mar/2024:05:15:21 +0000] POST /api/v1/user/login 401 73.039 ms - 41
[06/Mar/2024:05:16:09 +0000] POST /api/v1/user/login 200 103.870 ms - 46
[06/Mar/2024:05:16:36 +0000] GET /api/v1/user/logout 200 45.695 ms - 40
[06/Mar/2024:05:18:04 +0000] POST /api/v1/user/login 200 105.727 ms - 46
[06/Mar/2024:05:18:55 +0000] GET /api/v1/user/sendMailToLogin 200 2616.982 ms - 50
[06/Mar/2024:05:23:21 +0000] POST /api/v1/user/login 401 118.596 ms - 41
[06/Mar/2024:05:34:55 +0000] POST /api/v1/user/login 401 162.073 ms - 41
[06/Mar/2024:05:34:56 +0000] POST /api/v1/user/login 401 53.844 ms - 41
[06/Mar/2024:05:35:10 +0000] GET /api/v1/user/sendMailToLogin 200 2799.434 ms - 50
[06/Mar/2024:05:35:29 +0000] POST /api/v1/user/login 200 54.945 ms - 46
[06/Mar/2024:05:35:41 +0000] GET /api/v1/user/detail 200 30.344 ms - 374
[06/Mar/2024:05:37:25 +0000] GET /api/v1/user/detail 200 47.596 ms - 378
[06/Mar/2024:06:27:40 +0000] POST /api/v1/promocode/ 500 51.274 ms - 52
[06/Mar/2024:06:28:17 +0000] POST /api/v1/promocode/ 500 58.246 ms - 52
[06/Mar/2024:06:28:18 +0000] POST /api/v1/promocode/ 500 38.392 ms - 52
[06/Mar/2024:06:28:19 +0000] POST /api/v1/promocode/ 500 41.125 ms - 52
[06/Mar/2024:06:30:50 +0000] POST /api/v1/promocode/ 500 65.657 ms - 52
[06/Mar/2024:06:30:51 +0000] POST /api/v1/promocode/ 500 29.283 ms - 52
[06/Mar/2024:06:31:56 +0000] POST /api/v1/promocode/ 200 101.756 ms - 71
[06/Mar/2024:06:37:43 +0000] POST /api/v1/promocode/ 401 57.551 ms - 60
[06/Mar/2024:06:45:36 +0000] GET /api/v1/movieSeat/ 200 100.199 ms - 4874
[06/Mar/2024:06:46:13 +0000] POST /api/v1/movieSeatBooking/ 401 145.088 ms - 63
[06/Mar/2024:06:46:32 +0000] POST /api/v1/movieSeatBooking/ 401 76.356 ms - 63
[06/Mar/2024:06:47:32 +0000] GET /api/v1/movieSeat/ 200 63.126 ms - 4873
[06/Mar/2024:06:47:51 +0000] POST /api/v1/movieSeatBooking/ 401 137.625 ms - 63
[06/Mar/2024:06:49:21 +0000] POST /api/v1/movieSeatBooking/ 401 135.582 ms - 63
[06/Mar/2024:06:49:22 +0000] POST /api/v1/movieSeatBooking/ 401 44.585 ms - 63
[06/Mar/2024:06:52:17 +0000] POST /api/v1/payment/create-payment 302 1826.637 ms - 88
[06/Mar/2024:06:52:18 +0000] POST /api/v1/movieSeatBooking/ 200 2979.701 ms - 314
[06/Mar/2024:06:52:53 +0000] GET /api/v1/payment/success?token=2C909659MU834930D 200 0.713 ms - 48
[06/Mar/2024:06:58:58 +0000] GET /api/v1/payment/success?token=2C909659MU834930D 304 2.087 ms - -
[06/Mar/2024:06:58:59 +0000] GET /api/v1/payment/success?token=2C909659MU834930D 304 0.604 ms - -
[06/Mar/2024:06:59:00 +0000] GET /api/v1/payment/success?token=2C909659MU834930D 304 0.274 ms - -
[06/Mar/2024:06:59:08 +0000] GET /api/v1/payment/cancel?token=2C909659MU834930D 404 1.450 ms - 160
[06/Mar/2024:06:59:18 +0000] GET /api/v1/payment/success?token=2C909659MU834930D 304 0.328 ms - -
[06/Mar/2024:07:00:51 +0000] POST /api/v1/payment/create-payment 302 1974.768 ms - 88
[06/Mar/2024:07:00:52 +0000] POST /api/v1/movieSeatBooking/ 200 3076.003 ms - 318
[06/Mar/2024:07:01:03 +0000] GET /api/v1/payment/cancel/undefined?token=48X29300AK4991501 401 5.261 ms - 57
[06/Mar/2024:07:02:31 +0000] GET /api/v1/payment/checkOut/65e814a19f712cd72c87a57d?token=48X29300AK4991501&PayerID=BMQ3JSMEFDJEY 200 1705.273 ms - 318
[06/Mar/2024:07:02:35 +0000] GET /api/v1/payment/checkOut/65e814a19f712cd72c87a57d?token=48X29300AK4991501&PayerID=BMQ3JSMEFDJEY 401 835.600 ms - 59
[06/Mar/2024:07:06:07 +0000] GET /api/v1/movieSeat/ 200 87.711 ms - 4872
[06/Mar/2024:07:12:14 +0000] POST /api/v1/payment/create-payment 302 1345.905 ms - 88
[06/Mar/2024:07:12:15 +0000] POST /api/v1/movieSeatBooking/ 200 2464.260 ms - 318
[06/Mar/2024:07:12:34 +0000] GET /api/v1/payment/cancel/65e8174ca64e744fb9de206c?token=1148916412385862P 200 62.311 ms - 43
[06/Mar/2024:07:19:23 +0000] GET /api/v1/payment/checkOut/65e8174ca64e744fb9de206c?token=1148916412385862P&PayerID=BMQ3JSMEFDJEY 200 1693.423 ms - 317
[06/Mar/2024:07:22:24 +0000] POST /api/v1/payment/create-payment 302 2338.918 ms - 88
[06/Mar/2024:07:22:25 +0000] POST /api/v1/movieSeatBooking/ 200 3505.324 ms - 318
[06/Mar/2024:07:24:52 +0000] POST /api/v1/movieSeatBooking/ 401 96.048 ms - 63
[06/Mar/2024:07:25:10 +0000] POST /api/v1/payment/create-payment 302 1330.676 ms - 88
[06/Mar/2024:07:25:11 +0000] POST /api/v1/movieSeatBooking/ 200 2542.617 ms - 318
[06/Mar/2024:07:25:34 +0000] GET /api/v1/payment/checkOut/65e81a55ed38fe413de13955?token=7T976172N3730232G&PayerID=BMQ3JSMEFDJEY 200 1374.620 ms - 318
[06/Mar/2024:07:28:55 +0000] POST /api/v1/payment/create-payment 302 1378.853 ms - 88
[06/Mar/2024:07:28:56 +0000] POST /api/v1/movieSeatBooking/ 200 2568.884 ms - 342
[06/Mar/2024:07:29:15 +0000] GET /api/v1/payment/checkOut/65e81b351b457e0129b67ff3?token=7FF189319M2134602&PayerID=BMQ3JSMEFDJEY 200 1585.601 ms - 342
[06/Mar/2024:07:30:20 +0000] POST /api/v1/payment/create-payment 302 1338.814 ms - 88
[06/Mar/2024:07:30:21 +0000] POST /api/v1/movieSeatBooking/ 200 2438.599 ms - 342
[06/Mar/2024:08:32:37 +0000] POST /api/v1/movieSeatBooking/ 401 66.622 ms - 63
[06/Mar/2024:08:33:29 +0000] POST /api/v1/payment/create-payment 302 1995.235 ms - 88
[06/Mar/2024:08:33:30 +0000] POST /api/v1/movieSeatBooking/ 200 3057.570 ms - 343
[06/Mar/2024:08:37:04 +0000] POST /api/v1/movieSeatBooking/ 401 108.975 ms - 63
[06/Mar/2024:08:37:27 +0000] POST /api/v1/payment/create-payment 302 1934.529 ms - 88
[06/Mar/2024:08:37:28 +0000] POST /api/v1/movieSeatBooking/ 200 3167.188 ms - 343
[06/Mar/2024:08:40:54 +0000] POST /api/v1/movieSeatBooking/ 401 113.755 ms - 63
[06/Mar/2024:08:41:19 +0000] POST /api/v1/movieSeatBooking/ 401 197.898 ms - 53
[06/Mar/2024:08:42:47 +0000] GET /api/v1/payment/cancel/65e82b4504d0b60e85553be5?token=9HG17878B6181854H 200 117.116 ms - 43
[06/Mar/2024:08:43:26 +0000] GET /api/v1/payment/cancel/65e82b4504d0b60e85553be5?token=9HG17878B6181854H 200 66.976 ms - 45
[06/Mar/2024:08:47:12 +0000] POST /api/v1/promocode/ 200 101.059 ms - 71
[06/Mar/2024:08:54:57 +0000] GET /api/v1/promocode/ 500 37.965 ms - 64
[06/Mar/2024:08:55:17 +0000] GET /api/v1/promocode/ 200 34.708 ms - 553
[06/Mar/2024:09:13:38 +0000] PUT /api/v1/promocode/65e82d90c91e5b246ed606dd 200 54.574 ms - 553
[06/Mar/2024:09:14:27 +0000] PUT /api/v1/promocode/65e82d90c91e5b246ed606dd 200 46.870 ms - 553
[06/Mar/2024:09:14:55 +0000] PUT /api/v1/promocode/65e82d90c91e5b246ed606dd 500 37.505 ms - 57
[06/Mar/2024:09:15:11 +0000] PUT /api/v1/promocode/65e82d90c91e5b246ed606dd 200 227.190 ms - 74
[06/Mar/2024:09:15:19 +0000] GET /api/v1/promocode/ 200 27.332 ms - 550
[06/Mar/2024:09:26:52 +0000] DELETE /api/v1/promocode/65e82d90c91e5b246ed606dd 200 100.172 ms - 74
[06/Mar/2024:09:31:52 +0000] POST /api/v1/promocode/ 200 104.049 ms - 71
[06/Mar/2024:09:36:29 +0000] POST /api/v1/movieSeatBooking/ 401 57.510 ms - 63
[06/Mar/2024:09:38:03 +0000] POST /api/v1/payment/create-payment 302 2464.699 ms - 88
[06/Mar/2024:09:38:04 +0000] POST /api/v1/movieSeatBooking/ 200 3631.432 ms - 351
[06/Mar/2024:09:38:31 +0000] GET /api/v1/payment/checkOut/65e83979a0a0f132960ca4cf?token=7J180495EY603323D&PayerID=BMQ3JSMEFDJEY 200 1279.873 ms - 369
[06/Mar/2024:09:43:55 +0000] GET /api/v1/movieSlot/ 401 4.444 ms - 57
[06/Mar/2024:09:44:45 +0000] GET /api/v1/movieSlot/ 401 4.692 ms - 57
[06/Mar/2024:09:45:12 +0000] GET /api/v1/movieSlot/ 200 31.913 ms - 1509
[06/Mar/2024:09:49:27 +0000] GET /api/v1/movieSeat/ 200 74.042 ms - 4866
[06/Mar/2024:09:52:48 +0000] GET /api/v1/movieSlot/ 200 25.326 ms - 1513
[06/Mar/2024:11:01:39 +0000] GET /api/v1/payment/checkOut/65e7e8e49cebc0dc0ec7bcff?token=2W521235FW536961E&PayerID=BMQ3JSMEFDJEY 401 666.610 ms - 60
