[07/Mar/2024:04:03:20 +0000] POST /api/v1/bus/ 401 2.094 ms - 64
[07/Mar/2024:04:03:31 +0000] POST /api/v1/admin/login 200 55.193 ms - 226
[07/Mar/2024:04:03:38 +0000] POST /api/v1/bus/ 200 179.699 ms - 65
[07/Mar/2024:05:02:52 +0000] PUT /api/v1/bus/65e93c9a81b66072c2c42f5b 500 160.827 ms - 57
[07/Mar/2024:05:03:19 +0000] PUT /api/v1/bus/65e93c9a81b66072c2c42f5b 200 180.882 ms - 69
[07/Mar/2024:05:04:18 +0000] PUT /api/v1/bus/65e93c9a81b66072c2c42f5b 200 122.634 ms - 69
[07/Mar/2024:05:08:55 +0000] POST /api/v1/bus/ 200 189.259 ms - 65
[07/Mar/2024:05:09:18 +0000] PUT /api/v1/bus/65e94be72440ce02e6cde68d 401 111.476 ms - 70
[07/Mar/2024:05:09:29 +0000] PUT /api/v1/bus/65e94be72440ce02e6cde68d 401 111.027 ms - 70
[07/Mar/2024:05:09:32 +0000] PUT /api/v1/bus/65e94be72440ce02e6cde68d 401 113.798 ms - 70
[07/Mar/2024:05:10:30 +0000] PUT /api/v1/bus/65e94be72440ce02e6cde68d 401 119.759 ms - 70
[07/Mar/2024:05:10:31 +0000] PUT /api/v1/bus/65e94be72440ce02e6cde68d 401 108.184 ms - 70
[07/Mar/2024:05:11:12 +0000] PUT /api/v1/bus/65e94be72440ce02e6cde68d 401 113.246 ms - 70
[07/Mar/2024:05:12:26 +0000] PUT /api/v1/bus/65e94be72440ce02e6cde68d 401 120.554 ms - 70
[07/Mar/2024:05:12:27 +0000] PUT /api/v1/bus/65e94be72440ce02e6cde68d 401 104.106 ms - 70
[07/Mar/2024:05:13:58 +0000] PUT /api/v1/bus/65e94be72440ce02e6cde68d 200 200.114 ms - 69
[07/Mar/2024:05:19:54 +0000] GET /api/v1/bus/ 200 60.643 ms - 478
[07/Mar/2024:05:27:47 +0000] GET /api/v1/bus/name 404 48.142 ms - 58
[07/Mar/2024:05:27:59 +0000] GET /api/v1/bus/name 200 40.887 ms - 481
[07/Mar/2024:05:34:59 +0000] GET /api/v1/bus/uniqueId 200 62.848 ms - 255
[07/Mar/2024:05:35:09 +0000] GET /api/v1/bus/uniqueId 404 53.052 ms - 56
[07/Mar/2024:05:44:20 +0000] DELETE /api/v1/bus/65e94be72440ce02e6cde68d 200 115.279 ms - 69
[07/Mar/2024:06:54:43 +0000] POST /api/v1/busSlot/ 404 42.607 ms - 155
[07/Mar/2024:07:01:43 +0000] POST /api/v1/busSlot/ 200 105.246 ms - 71
[07/Mar/2024:07:06:31 +0000] POST /api/v1/busSlot/ 400 38.061 ms - 83
[07/Mar/2024:07:13:35 +0000] POST /api/v1/busSlot/ 500 151.129 ms - 57
[07/Mar/2024:07:14:10 +0000] POST /api/v1/busSlot/ 200 144.474 ms - 71
[07/Mar/2024:07:15:02 +0000] POST /api/v1/busSlot/ 401 100.723 ms - 94
[07/Mar/2024:07:15:31 +0000] POST /api/v1/busSlot/ 200 124.872 ms - 71
[07/Mar/2024:07:15:55 +0000] POST /api/v1/busSlot/ 400 24.774 ms - 76
[07/Mar/2024:07:26:24 +0000] GET /api/v1/busSlot/ 200 36.087 ms - 415
[07/Mar/2024:08:59:14 +0000] PUT /api/v1/busSlot/65e969935f213dc5f3152bc6 200 56.162 ms - 415
[07/Mar/2024:09:00:09 +0000] PUT /api/v1/busSlot/65e969935f213dc5f3152bc6 401 55.136 ms - 66
[07/Mar/2024:09:02:33 +0000] PUT /api/v1/busSlot/65e969935f213dc5f3152bc6 500 82.196 ms - 57
[07/Mar/2024:09:04:26 +0000] PUT /api/v1/busSlot/65e969935f213dc5f3152bc6 200 127.358 ms - 61
[07/Mar/2024:09:04:56 +0000] PUT /api/v1/busSlot/65e969935f213dc5f3152bc6 401 444.360 ms - 94
[07/Mar/2024:09:06:06 +0000] PUT /api/v1/busSlot/65e969935f213dc5f3152bc6 200 9421.057 ms - 61
[07/Mar/2024:09:07:37 +0000] PUT /api/v1/busSlot/65e969935f213dc5f3152bc6 200 110.847 ms - 61
[07/Mar/2024:09:12:16 +0000] GET /api/v1/busSlot/ 200 323.858 ms - 493
[07/Mar/2024:09:21:11 +0000] DELETE /api/v1/busSlot/65e969935f213dc5f3152bc6 200 86.268 ms - 62
[07/Mar/2024:09:22:52 +0000] POST /api/v1/busSlot/ 200 133.547 ms - 71
[07/Mar/2024:10:05:24 +0000] GET /api/v1/busSlot/route 404 32.934 ms - 65
[07/Mar/2024:10:06:27 +0000] GET /api/v1/busSlot/route 400 3.942 ms - 72
[07/Mar/2024:10:07:28 +0000] GET /api/v1/busSlot/route 200 60.268 ms - 523
[07/Mar/2024:10:07:43 +0000] GET /api/v1/busSlot/route 404 51.805 ms - 65
[07/Mar/2024:10:08:23 +0000] GET /api/v1/busSlot/route 404 49.578 ms - 77
[07/Mar/2024:10:08:42 +0000] GET /api/v1/busSlot/route 404 20.899 ms - 65
[07/Mar/2024:11:14:01 +0000] GET /api/v1/busSlot/route 200 62.889 ms - 523
[07/Mar/2024:11:15:32 +0000] POST /api/v1/busSeat/ 400 101.102 ms - 83
[07/Mar/2024:11:15:41 +0000] POST /api/v1/busSeat/ 200 91.769 ms - 69
[07/Mar/2024:11:16:19 +0000] POST /api/v1/busSeat/ 200 134.524 ms - 61
[07/Mar/2024:11:17:02 +0000] POST /api/v1/busSeat/ 200 556.555 ms - 61
[07/Mar/2024:11:17:13 +0000] POST /api/v1/busSeat/ 400 64.925 ms - 83
[07/Mar/2024:11:17:54 +0000] POST /api/v1/busSeat/ 200 444.515 ms - 62
[07/Mar/2024:11:18:06 +0000] POST /api/v1/busSeat/ 400 107.422 ms - 77
[07/Mar/2024:11:18:21 +0000] POST /api/v1/busSeat/ 400 135.323 ms - 80
[07/Mar/2024:11:22:36 +0000] POST /api/v1/busSeat/ 200 576.963 ms - 61
[07/Mar/2024:11:22:50 +0000] POST /api/v1/busSeat/ 200 659.236 ms - 62
[07/Mar/2024:11:22:55 +0000] POST /api/v1/busSeat/ 400 112.377 ms - 80
[07/Mar/2024:11:23:58 +0000] POST /api/v1/busSeat/ 200 500.505 ms - 62
[07/Mar/2024:11:24:09 +0000] POST /api/v1/busSeat/ 200 793.863 ms - 61
[07/Mar/2024:11:31:56 +0000] POST /api/v1/busSeat/ 400 126.620 ms - 52
[07/Mar/2024:11:32:15 +0000] POST /api/v1/busSeat/ 400 115.968 ms - 52
[07/Mar/2024:11:32:22 +0000] POST /api/v1/busSeat/ 400 112.890 ms - 52
[07/Mar/2024:11:33:46 +0000] POST /api/v1/busSeat/ 400 90.220 ms - 52
[07/Mar/2024:11:33:47 +0000] POST /api/v1/busSeat/ 400 84.690 ms - 52
[07/Mar/2024:11:33:48 +0000] POST /api/v1/busSeat/ 400 75.507 ms - 52
[07/Mar/2024:11:33:49 +0000] POST /api/v1/busSeat/ 400 87.295 ms - 52
[07/Mar/2024:11:34:43 +0000] POST /api/v1/busSeat/ 400 124.971 ms - 52
[07/Mar/2024:11:34:56 +0000] POST /api/v1/busSeat/ 400 92.948 ms - 69
[07/Mar/2024:11:35:13 +0000] POST /api/v1/busSeat/ 200 523.546 ms - 62
[07/Mar/2024:11:35:30 +0000] POST /api/v1/busSeat/ 200 543.564 ms - 61
[07/Mar/2024:11:55:10 +0000] PUT /api/v1/busSeat/65e9a671ea8eaa5684b5dbbf 404 2.179 ms - 178
[07/Mar/2024:11:55:22 +0000] PUT /api/v1/busSeat/65e9a671ea8eaa5684b5dbbf 400 73.793 ms - 63
[07/Mar/2024:11:55:56 +0000] PUT /api/v1/busSeat/65e9a671ea8eaa5684b5dbbf 200 105.270 ms - 70
[07/Mar/2024:12:09:20 +0000] GET /api/v1/busSeat/65e9a671ea8eaa5684b5dbbf 404 3.967 ms - 178
[07/Mar/2024:12:09:47 +0000] GET /api/v1/busSeat/65e9a671ea8eaa5684b5dbbf 404 38.432 ms - 60
[07/Mar/2024:12:10:21 +0000] GET /api/v1/busSeat/65e9a671ea8eaa5684b5dbbf 404 31.058 ms - 61
[07/Mar/2024:12:10:46 +0000] GET /api/v1/busSeat/65e9876c0f473a398231dc6a 200 67.795 ms - 4839
[07/Mar/2024:12:11:45 +0000] GET /api/v1/busSlot/route 200 57.287 ms - 523
[07/Mar/2024:12:11:56 +0000] GET /api/v1/busSeat/65e9876c0f473a398231dc6a 200 58.948 ms - 4839
[07/Mar/2024:12:26:10 +0000] DELETE /api/v1/busSeat/65e9a671ea8eaa5684b5dbbf 200 89.953 ms - 70
