[08/Mar/2024:04:49:33 +0000] GET /api/v1/busSlot/route 200 72.437 ms - 523
[08/Mar/2024:04:51:09 +0000] GET /api/v1/busSeat/65e9876c0f473a398231dc6a 200 63.195 ms - 4680
[08/Mar/2024:04:54:16 +0000] POST /api/v1/seatBooking 400 38.114 ms - 87
[08/Mar/2024:04:57:03 +0000] POST /api/v1/seatBooking 400 37.336 ms - 87
[08/Mar/2024:04:57:04 +0000] POST /api/v1/seatBooking 400 23.737 ms - 87
[08/Mar/2024:04:57:28 +0000] POST /api/v1/seatBooking 404 50.074 ms - 62
[08/Mar/2024:04:58:08 +0000] POST /api/v1/seatBooking 500 59.323 ms - 57
[08/Mar/2024:04:58:38 +0000] POST /api/v1/seatBooking 404 97.214 ms - 73
[08/Mar/2024:04:59:32 +0000] POST /api/v1/seatBooking 404 118.418 ms - 73
[08/Mar/2024:05:00:36 +0000] POST /api/v1/seatBooking 404 78.556 ms - 73
[08/Mar/2024:05:02:00 +0000] POST /api/v1/seatBooking 404 170.038 ms - 73
[08/Mar/2024:05:02:01 +0000] POST /api/v1/seatBooking 404 60.983 ms - 73
[08/Mar/2024:05:02:38 +0000] POST /api/v1/seatBooking 404 82.601 ms - 73
[08/Mar/2024:05:03:14 +0000] POST /api/v1/seatBooking 404 64.968 ms - 73
[08/Mar/2024:05:08:01 +0000] POST /api/v1/seatBooking 404 95.636 ms - 73
[08/Mar/2024:05:08:41 +0000] POST /api/v1/seatBooking 404 166.961 ms - 73
[08/Mar/2024:05:09:47 +0000] POST /api/v1/seatBooking 404 195.978 ms - 73
[08/Mar/2024:05:10:57 +0000] POST /api/v1/seatBooking 200 226.212 ms - 56
[08/Mar/2024:05:28:52 +0000] GET /api/v1/busSeat/65e9876c0f473a398231dc6a 200 69.726 ms - 4758
[08/Mar/2024:05:29:11 +0000] POST /api/v1/seatBooking 500 174.767 ms - 57
[08/Mar/2024:05:29:53 +0000] POST /api/v1/payment/busTrain/create-payment 302 1950.636 ms - 88
[08/Mar/2024:05:29:54 +0000] POST /api/v1/seatBooking 200 3174.383 ms - 56
[08/Mar/2024:05:30:21 +0000] GET /api/v1/payment/busTrain/checkOut/65eaa24fc55fc6aa241639bf?token=50J86296NR608924C&PayerID=BMQ3JSMEFDJEY 200 1306.143 ms - 62
[08/Mar/2024:05:30:21 +0000] GET /favicon.ico 404 1.196 ms - 150
[08/Mar/2024:05:35:05 +0000] GET /api/v1/user/sendMailToLogin 200 2987.465 ms - 54
[08/Mar/2024:05:35:26 +0000] POST /api/v1/user/login 200 52.978 ms - 46
[08/Mar/2024:05:36:19 +0000] GET /api/v1/busSlot/route 200 47.867 ms - 523
[08/Mar/2024:05:36:29 +0000] GET /api/v1/busSeat/65e9876c0f473a398231dc6a 200 57.732 ms - 4836
[08/Mar/2024:05:37:08 +0000] POST /api/v1/seatBooking 404 151.923 ms - 73
[08/Mar/2024:05:38:29 +0000] POST /api/v1/payment/busTrain/create-payment 302 2688.885 ms - 88
[08/Mar/2024:05:38:31 +0000] POST /api/v1/seatBooking 200 3892.845 ms - 56
[08/Mar/2024:05:38:40 +0000] GET /api/v1/payment/busTrain/cancel/65eaa4534e10c6637cde0f89?token=51557845UH033734J 401 30.722 ms - 58
[08/Mar/2024:05:50:26 +0000] POST /api/v1/payment/busTrain/create-payment 302 1655.277 ms - 88
[08/Mar/2024:05:50:27 +0000] POST /api/v1/seatBooking 200 2793.031 ms - 56
[08/Mar/2024:05:50:36 +0000] GET /api/v1/payment/busTrain/cancel/65eaa7214d9f2bb55f220298?token=4FM73925P2396851H 200 51.386 ms - 45
[08/Mar/2024:05:51:30 +0000] GET /api/v1/busSeat/65e9876c0f473a398231dc6a 200 48.691 ms - 4912
[08/Mar/2024:05:53:56 +0000] GET /api/v1/busSlot/route 200 45.223 ms - 523
[08/Mar/2024:05:54:12 +0000] POST /api/v1/seatBooking 401 0.544 ms - 52
[08/Mar/2024:05:54:56 +0000] GET /api/v1/user/sendMailToLogin 200 2800.635 ms - 54
[08/Mar/2024:05:55:15 +0000] POST /api/v1/user/login 200 53.926 ms - 46
[08/Mar/2024:05:57:06 +0000] GET /api/v1/busSlot/route 200 47.783 ms - 523
[08/Mar/2024:05:57:18 +0000] GET /api/v1/busSeat/65e9876c0f473a398231dc6a 200 119.742 ms - 4912
[08/Mar/2024:05:57:43 +0000] POST /api/v1/payment/busTrain/create-payment 302 2028.673 ms - 88
[08/Mar/2024:05:57:44 +0000] POST /api/v1/seatBooking 200 3109.647 ms - 56
[08/Mar/2024:05:57:56 +0000] GET /api/v1/payment/busTrain/checkOut/65eaa8d54d9f2bb55f2202b0?token=02230182G9447583M&PayerID=BMQ3JSMEFDJEY 200 1589.828 ms - 62
[08/Mar/2024:06:36:45 +0000] POST /api/v1/user/login 401 66.114 ms - 42
[08/Mar/2024:07:22:43 +0000] POST /api/v1/train/ 401 2.479 ms - 64
[08/Mar/2024:07:22:51 +0000] POST /api/v1/admin/login 200 64.973 ms - 226
[08/Mar/2024:07:23:04 +0000] POST /api/v1/train/ 200 232.623 ms - 69
[08/Mar/2024:07:27:03 +0000] POST /api/v1/train/ 400 142.798 ms - 69
[08/Mar/2024:09:01:00 +0000] PUT /api/v1/train/65eabcd8df563587ed353066 200 94.178 ms - 59
[08/Mar/2024:09:09:39 +0000] GET /api/v1/train/ 404 3.089 ms - 152
[08/Mar/2024:09:09:53 +0000] GET /api/v1/train/ 200 59.963 ms - 424
[08/Mar/2024:09:40:08 +0000] GET /api/v1/train/uniqueId 200 71.307 ms - 428
[08/Mar/2024:09:42:01 +0000] GET /api/v1/train/uniqueId 404 49.076 ms - 58
[08/Mar/2024:10:01:50 +0000] DELETE /api/v1/train/65eabcd8df563587ed353066 404 37.724 ms - 179
[08/Mar/2024:10:05:13 +0000] DELETE /api/v1/train/65eabcd8df563587ed353066 200 80.794 ms - 58
[08/Mar/2024:10:05:28 +0000] POST /api/v1/train/ 200 108.327 ms - 69
[08/Mar/2024:10:07:08 +0000] GET /api/v1/train/uniqueId 404 47.194 ms - 58
[08/Mar/2024:10:07:29 +0000] GET /api/v1/train/uniqueId 200 45.684 ms - 436
[08/Mar/2024:11:31:52 +0000] GET /api/v1/train/ 200 77.941 ms - 432
[08/Mar/2024:11:32:11 +0000] GET /api/v1/route/ 200 55.499 ms - 325
[08/Mar/2024:11:32:48 +0000] POST /api/v1/route/ 200 109.276 ms - 282
[08/Mar/2024:11:34:44 +0000] POST /api/v1/trainSlot/ 400 85.632 ms - 92
[08/Mar/2024:11:36:28 +0000] POST /api/v1/trainSlot/ 400 77.735 ms - 92
[08/Mar/2024:11:36:29 +0000] POST /api/v1/trainSlot/ 400 74.231 ms - 92
[08/Mar/2024:11:36:30 +0000] POST /api/v1/trainSlot/ 400 76.588 ms - 92
[08/Mar/2024:11:37:30 +0000] POST /api/v1/trainSlot/ 400 97.636 ms - 92
[08/Mar/2024:11:39:15 +0000] POST /api/v1/trainSlot/ 400 81.882 ms - 92
[08/Mar/2024:11:40:46 +0000] POST /api/v1/trainSlot/ 400 94.749 ms - 92
[08/Mar/2024:11:40:47 +0000] POST /api/v1/trainSlot/ 400 69.976 ms - 92
[08/Mar/2024:11:41:08 +0000] POST /api/v1/trainSlot/ 500 113.714 ms - 57
[08/Mar/2024:11:41:43 +0000] POST /api/v1/trainSlot/ 200 141.624 ms - 67
[08/Mar/2024:11:41:50 +0000] POST /api/v1/trainSlot/ 400 90.758 ms - 92
[08/Mar/2024:11:43:03 +0000] POST /api/v1/trainSlot/ 200 157.538 ms - 67
[08/Mar/2024:12:14:01 +0000] PUT /api/v1/trainSlot/65eaf9c7f5185a070585fdf6 404 44.773 ms - 180
[08/Mar/2024:12:14:27 +0000] PUT /api/v1/trainSlot/65eaf9c7f5185a070585fdf6 200 106.972 ms - 62
[08/Mar/2024:12:17:43 +0000] GET /api/v1/busSeat/65e9876c0f473a398231dc6a 200 64.430 ms - 4988
[08/Mar/2024:12:18:07 +0000] POST /api/v1/seatBooking 404 88.766 ms - 73
[08/Mar/2024:12:20:24 +0000] POST /api/v1/payment/busTrain/create-payment 302 2556.131 ms - 88
[08/Mar/2024:12:20:25 +0000] POST /api/v1/seatBooking 200 3742.053 ms - 56
[08/Mar/2024:12:20:56 +0000] GET /api/v1/payment/busTrain/checkOut/65eb02857f4c2bf6eb9d2674?token=73U68538TJ055901F&PayerID=BMQ3JSMEFDJEY 200 1724.071 ms - 62
[08/Mar/2024:12:23:13 +0000] GET /api/v1/payment/busTrain/cancel/65eaa4534e10c6637cde0f89?token=51557845UH033734J 200 61.660 ms - 45
