 [info] 2024-03-28T09:24:32.999Z  GET /api/v1/bus/ PostmanRuntime/7.37.0 200  Get All Buses
 [info] 2024-03-28T09:24:48.907Z  GET /api/v1/bus/ Mozilla/5.0 (Macintosh; Intel Mac OS X 10_15_7) AppleWebKit/537.36 (KHTML, like Gecko) Chrome/123.0.0.0 Safari/537.36 304  Get All Buses
 [info] 2024-03-28T09:34:19.526Z  GET /api/v1/bus/ Mozilla/5.0 (Macintosh; Intel Mac OS X 10_15_7) AppleWebKit/537.36 (KHTML, like Gecko) Chrome/123.0.0.0 Safari/537.36 304  Get All Buses
 [info] 2024-03-28T09:35:04.298Z  GET /api/v1/bus/ Mozilla/5.0 (Macintosh; Intel Mac OS X 10_15_7) AppleWebKit/537.36 (KHTML, like Gecko) Chrome/123.0.0.0 Safari/537.36 304  Get All Buses
 [info] 2024-03-28T09:36:53.351Z  GET /api/v1/bus/ Mozilla/5.0 (Macintosh; Intel Mac OS X 10_15_7) AppleWebKit/605.1.15 (KHTML, like Gecko) Version/14.1.2 Safari/605.1.15 304  Get All Buses
 [info] 2024-03-28T09:37:21.645Z  GET /api/v1/bus/ PostmanRuntime/7.37.0 200  Get All Buses
 [info] 2024-03-28T09:37:51.168Z  GET /api/v1/bus/ PostmanRuntime/7.37.0 200  Get All Buses
 [info] 2024-03-28T09:54:27.856Z  GET /api/v1/bus/ PostmanRuntime/7.37.0 200  Get All Buses
 [error] 2024-03-28T09:54:37.485Z  Error In Admin Login
 [info] 2024-03-28T09:55:02.951Z  POST /api/v1/admin/login PostmanRuntime/7.37.0 200  Admin Login Successfully
 [info] 1711620647514  POST /api/v1/admin/login
 [info] 2024-03-28T10:10:47.646Z  POST /api/v1/admin/login PostmanRuntime/7.37.0 200  Admin Login Successfully
 [info] 1711620676410  custom POST /api/v1/admin/login
 [info] 2024-03-28T10:11:16.533Z  POST /api/v1/admin/login PostmanRuntime/7.37.0 200  Admin Login Successfully
 [info] 2024-03-28T10:12:14.052Z  custom POST /api/v1/admin/login undefined
 [info] 2024-03-28T10:12:14.179Z  POST /api/v1/admin/login PostmanRuntime/7.37.0 200  Admin Login Successfully
 [info] 2024-03-28T10:12:46.591Z  custom POST /api/v1/admin/login undefined
 [info] 2024-03-28T10:12:46.717Z  POST /api/v1/admin/login PostmanRuntime/7.37.0 200  Admin Login Successfully
 [info] 2024-03-28T10:14:32.517Z  POST /api/v1/admin/login PostmanRuntime/7.37.0 200  Admin Login Successfully
 [info] 2024-03-28T10:15:01.685Z  POST /api/v1/admin/login PostmanRuntime/7.37.0 200  Admin Login Successfully
 [info] 2024-03-28T10:15:23.964Z  POST /api/v1/admin/login PostmanRuntime/7.37.0 200  Admin Login Successfully
 [info] 2024-03-28T10:15:23.965Z  custom POST /login undefined 
 [info] 2024-03-28T10:18:13.281Z  POST /api/v1/admin/login PostmanRuntime/7.37.0 200  Admin Login Successfully
 [info] 2024-03-28T10:19:22.193Z  POST /api/v1/admin/login PostmanRuntime/7.37.0 200  Admin Login Successfully
 [info] 2024-03-28T10:19:48.982Z  POST /api/v1/admin/login PostmanRuntime/7.37.0 200  Admin Login Successfully
 [info] 2024-03-28T10:20:43.298Z  POST /api/v1/admin/login PostmanRuntime/7.37.0 200  Admin Login Successfully
 [info] 2024-03-28T10:25:02.583Z  custom POST /api/v1/admin/login PostmanRuntime/7.37.0 undefined 
 [info] 2024-03-28T10:25:02.708Z  POST /api/v1/admin/login PostmanRuntime/7.37.0 200  Admin Login Successfully
 [info] 2024-03-28T10:25:18.588Z  custom POST /api/v1/admin/login PostmanRuntime/7.37.0 undefined 
 [info] 2024-03-28T10:25:18.712Z  POST /api/v1/admin/login PostmanRuntime/7.37.0 200  Admin Login Successfully
 [info] 2024-03-28T10:28:42.764Z  custom POST /api/v1/admin/login PostmanRuntime/7.37.0 undefined 
 [info] 2024-03-28T10:28:43.019Z  POST /api/v1/admin/login PostmanRuntime/7.37.0 200  Admin Login Successfully
 [info] 2024-03-28T10:34:42.145Z  custom POST /api/v1/admin/register PostmanRuntime/7.37.0 undefined 
 [info] 2024-03-28T10:34:42.281Z  Admin Register Successfully
 [info] 2024-03-28T10:34:53.599Z  custom POST /api/v1/admin/login PostmanRuntime/7.37.0 undefined 
 [info] 2024-03-28T10:34:53.722Z  POST /api/v1/admin/login PostmanRuntime/7.37.0 200  Admin Login Successfully
 [info] 2024-03-28T10:56:47.687Z  custom GET /api/v1/admin/ PostmanRuntime/7.37.0 undefined 
 [info] 2024-03-28T10:56:47.772Z  GET /api/v1/admin/ 200 Get Admin Detail Successfully
 [info] 2024-03-28T10:57:57.910Z  custom GET /api/v1/admin/ PostmanRuntime/7.37.0 undefined 
 [info] 2024-03-28T10:57:58.003Z  GET /api/v1/admin/ 200 Get Admin Detail Successfully
 [info] 2024-03-28T10:58:00.124Z  custom GET /api/v1/admin/ PostmanRuntime/7.37.0 undefined 
 [info] 2024-03-28T10:58:00.171Z  GET /api/v1/admin/ 200 Get Admin Detail Successfully
 [info] 2024-03-28T10:58:01.354Z  custom GET /api/v1/admin/ PostmanRuntime/7.37.0 undefined 
 [info] 2024-03-28T10:58:01.397Z  GET /api/v1/admin/ 200 Get Admin Detail Successfully
 [info] 2024-03-28T10:58:02.197Z  custom GET /api/v1/admin/ PostmanRuntime/7.37.0 undefined 
 [info] 2024-03-28T10:58:02.242Z  GET /api/v1/admin/ 200 Get Admin Detail Successfully
 [info] 2024-03-28T10:58:02.989Z  custom GET /api/v1/admin/ PostmanRuntime/7.37.0 undefined 
 [info] 2024-03-28T10:58:03.031Z  GET /api/v1/admin/ 200 Get Admin Detail Successfully
 [info] 2024-03-28T10:58:03.854Z  custom GET /api/v1/admin/ PostmanRuntime/7.37.0 undefined 
 [info] 2024-03-28T10:58:03.900Z  GET /api/v1/admin/ 200 Get Admin Detail Successfully
 [info] 2024-03-28T10:58:04.764Z  custom GET /api/v1/admin/ PostmanRuntime/7.37.0 undefined 
 [info] 2024-03-28T10:58:04.819Z  GET /api/v1/admin/ 200 Get Admin Detail Successfully
 [info] 2024-03-28T10:59:42.492Z  custom GET /api/v1/admin/ PostmanRuntime/7.37.0 undefined 
 [info] 2024-03-28T10:59:42.551Z  GET /api/v1/admin/ 200 Get Admin Detail Successfully
 [info] 2024-03-28T11:00:31.465Z  custom GET /api/v1/admin/ PostmanRuntime/7.37.0 undefined 
 [info] 2024-03-28T11:00:31.538Z  GET /api/v1/admin/ 200 Get Admin Detail Successfully
 [info] 2024-03-28T11:00:59.069Z  custom GET /api/v1/admin/ PostmanRuntime/7.37.0 undefined 
 [info] 2024-03-28T11:00:59.136Z  GET /api/v1/admin/ 200 Get Admin Detail Successfully
 [info] 2024-03-28T11:01:54.423Z  custom GET /api/v1/admin/ PostmanRuntime/7.37.0 undefined 
 [info] 2024-03-28T11:01:54.527Z  GET /api/v1/admin/ 200 Get Admin Detail Successfully
 [info] 2024-03-28T11:01:58.772Z  custom GET /api/v1/admin/ PostmanRuntime/7.37.0 undefined 
 [info] 2024-03-28T11:01:58.807Z  GET /api/v1/admin/ 200 Get Admin Detail Successfully
 [info] 2024-03-28T11:01:58.835Z  GET /api/v1/admin/ 200 Get Admin Detail Successfully
 [info] 2024-03-28T11:02:39.000Z  custom GET /api/v1/admin/ PostmanRuntime/7.37.0 undefined 
 [info] 2024-03-28T11:02:39.072Z  GET /api/v1/admin/ 200 Get Admin Detail Successfully
 [info] 2024-03-28T11:02:43.300Z  custom GET /api/v1/admin/ PostmanRuntime/7.37.0 undefined 
 [info] 2024-03-28T11:02:43.331Z  GET /api/v1/admin/ 200 Get Admin Detail Successfully
 [info] 2024-03-28T11:03:38.653Z  GET /api/v1/admin/ 200 Get Admin Detail Successfully
 [info] 2024-03-28T11:03:42.262Z  GET /api/v1/admin/ 200 Get Admin Detail Successfully
 [info] 2024-03-28T11:03:45.831Z  GET /api/v1/admin/ 200 Get Admin Detail Successfully
 [info] 2024-03-28T11:03:48.588Z  GET /api/v1/admin/ 200 Get Admin Detail Successfully
 [info] 2024-03-28T11:03:53.230Z  GET /api/v1/admin/ 200 Get Admin Detail Successfully
 [info] 2024-03-28T11:04:16.279Z  GET /api/v1/admin/ 200 Get Admin Detail Successfully
 [info] 2024-03-28T11:10:38.794Z  GET /api/v1/admin/ 200 Get Admin Detail Successfully
 [info] 2024-03-28T11:11:31.823Z  GET /api/v1/admin/ 200 Get Admin Detail Successfully
 [info] 2024-03-28T11:11:41.455Z  POST /api/v1/admin/login PostmanRuntime/7.37.0 200  Admin Login Successfully
 [info] 2024-03-28T11:12:02.618Z  GET /api/v1/admin/ 200 Get Admin Detail Successfully
 [info] 2024-03-28T11:12:13.756Z  Admin Logout
 [info] 2024-03-28T11:12:18.855Z  POST /api/v1/admin/login PostmanRuntime/7.37.0 200  Admin Login Successfully
 [info] 2024-03-28T11:12:23.542Z  GET /api/v1/admin/ 200 Get Admin Detail Successfully
 [info] 2024-03-28T11:12:31.501Z  GET /api/v1/admin/ 200 Get Admin Detail Successfully
 [info] 2024-03-28T12:04:19.885Z  Bus Seat getBusSeatBySlot
 [info] 2024-03-28T12:04:52.503Z  Get train seat by slot
