 [info] 2024-03-28T09:23:33.269Z  GET /api/v1/bus/ PostmanRuntime/7.37.0 200  Get All Buses
 4/10/2024, 10:52:38 AM4 [info] Mail Sended Of test1@yopmail.com
 4/10/2024, 10:52:38 AM4 [info] Mail Sended Of test63@yopmail.com
 4/10/2024, 10:52:38 AM4 [info] Mail Sended Of test34@yopmail.com
 4/10/2024, 10:52:38 AM4 [info] Mail Sended Of test157@yopmail.com
 4/10/2024, 10:52:38 AM4 [info] Mail Sended Of test79@yopmail.com
 4/10/2024, 10:52:38 AM4 [info] Mail Sended Of test181@yopmail.com
 4/10/2024, 10:52:38 AM4 [info] Mail Sended Of test182@yopmail.com
 4/10/2024, 10:52:38 AM4 [info] Mail Sended Of test99@yopmail.com
 4/10/2024, 10:52:38 AM4 [info] Mail Sended Of test110@yopmail.com
 4/10/2024, 10:52:38 AM4 [info] Mail Sended Of test116@yopmail.com
 4/10/2024, 10:52:38 AM4 [info] Error Send MAil connect ETIMEDOUT 3.209.246.195:587
 4/10/2024, 10:59:53 AM4 [info] Send Email of job test7@yopmail.com
 4/10/2024, 10:59:53 AM4 [info] Send Email of job test9@yopmail.com
 4/10/2024, 10:59:53 AM4 [info] Send Email of job test8@yopmail.com
 4/10/2024, 10:59:53 AM4 [info] Send Email of job test27@yopmail.com
 4/10/2024, 10:59:53 AM4 [info] Send Email of job test2@yopmail.com
 4/10/2024, 10:59:53 AM4 [info] Send Email of job test6@yopmail.com
 4/10/2024, 10:59:53 AM4 [info] Send Email of job test37@yopmail.com
 4/10/2024, 10:59:53 AM4 [info] Send Email of job test22@yopmail.com
 4/10/2024, 10:59:53 AM4 [info] Send Email of job test33@yopmail.com
 4/10/2024, 10:59:53 AM4 [info] Send Email of job test11@yopmail.com
 4/10/2024, 10:59:53 AM4 [info] Send Email of job test12@yopmail.com
 4/10/2024, 10:59:53 AM4 [info] Send Email of job test3@yopmail.com
 4/10/2024, 10:59:53 AM4 [info] Send Email of job test30@yopmail.com
 4/10/2024, 10:59:53 AM4 [info] Send Email of job test26@yopmail.com
 4/10/2024, 10:59:53 AM4 [info] Send Email of job test40@yopmail.com
 4/10/2024, 10:59:53 AM4 [info] Send Email of job test15@yopmail.com
 4/10/2024, 10:59:53 AM4 [info] Send Email of job test35@yopmail.com
 4/10/2024, 10:59:53 AM4 [info] Send Email of job test13@yopmail.com
 4/10/2024, 10:59:53 AM4 [info] Send Email of job test28@yopmail.com
 4/10/2024, 10:59:53 AM4 [info] Send Email of job test5@yopmail.com
 4/10/2024, 10:59:53 AM4 [info] Send Email of job test23@yopmail.com
 4/10/2024, 10:59:53 AM4 [info] Send Email of job test31@yopmail.com
 4/10/2024, 10:59:53 AM4 [info] Send Email of job test43@yopmail.com
 4/10/2024, 10:59:53 AM4 [info] Send Email of job test1@yopmail.com
 4/10/2024, 10:59:53 AM4 [info] Send Email of job test10@yopmail.com
 4/10/2024, 10:59:53 AM4 [info] Send Email of job test46@yopmail.com
 4/10/2024, 10:59:53 AM4 [info] Send Email of job test63@yopmail.com
 4/10/2024, 10:59:53 AM4 [info] Send Email of job test42@yopmail.com
 4/10/2024, 10:59:53 AM4 [info] Send Email of job test45@yopmail.com
 4/10/2024, 10:59:53 AM4 [info] Send Email of job test65@yopmail.com
 4/10/2024, 10:59:53 AM4 [info] Send Email of job test44@yopmail.com
 4/10/2024, 10:59:53 AM4 [info] Send Email of job test56@yopmail.com
 4/10/2024, 10:59:53 AM4 [info] Send Email of job test38@yopmail.com
 4/10/2024, 10:59:53 AM4 [info] Send Email of job test48@yopmail.com
 4/10/2024, 10:59:53 AM4 [info] Send Email of job test53@yopmail.com
 4/10/2024, 10:59:53 AM4 [info] Send Email of job test52@yopmail.com
 4/10/2024, 10:59:53 AM4 [info] Send Email of job test69@yopmail.com
 4/10/2024, 10:59:53 AM4 [info] Send Email of job test34@yopmail.com
 4/10/2024, 10:59:53 AM4 [info] Send Email of job test55@yopmail.com
 4/10/2024, 10:59:53 AM4 [info] Send Email of job test59@yopmail.com
 4/10/2024, 10:59:53 AM4 [info] Send Email of job test51@yopmail.com
 4/10/2024, 10:59:53 AM4 [info] Send Email of job test54@yopmail.com
 4/10/2024, 10:59:53 AM4 [info] Send Email of job test76@yopmail.com
 4/10/2024, 10:59:53 AM4 [info] Send Email of job test62@yopmail.com
 4/10/2024, 10:59:53 AM4 [info] Send Email of job test72@yopmail.com
 4/10/2024, 10:59:53 AM4 [info] Send Email of job test24@yopmail.com
 4/10/2024, 10:59:53 AM4 [info] Send Email of job test78@yopmail.com
 4/10/2024, 10:59:53 AM4 [info] Send Email of job test68@yopmail.com
 4/10/2024, 10:59:53 AM4 [info] Send Email of job test61@yopmail.com
 4/10/2024, 10:59:53 AM4 [info] Send Email of job test66@yopmail.com
 4/10/2024, 10:59:53 AM4 [info] Send Email of job test75@yopmail.com
 4/10/2024, 10:59:53 AM4 [info] Send Email of job test60@yopmail.com
 4/10/2024, 10:59:53 AM4 [info] Send Email of job test79@yopmail.com
 4/10/2024, 10:59:53 AM4 [info] Send Email of job test73@yopmail.com
 4/10/2024, 10:59:53 AM4 [info] Send Email of job test90@yopmail.com
 4/10/2024, 10:59:53 AM4 [info] Send Email of job test83@yopmail.com
 4/10/2024, 10:59:53 AM4 [info] Send Email of job test85@yopmail.com
 4/10/2024, 10:59:53 AM4 [info] Send Email of job test80@yopmail.com
 4/10/2024, 10:59:53 AM4 [info] Send Email of job test82@yopmail.com
 4/10/2024, 10:59:53 AM4 [info] Send Email of job test86@yopmail.com
 4/10/2024, 10:59:53 AM4 [info] Send Email of job test92@yopmail.com
 4/10/2024, 10:59:53 AM4 [info] Send Email of job test93@yopmail.com
 4/10/2024, 10:59:53 AM4 [info] Send Email of job test91@yopmail.com
 4/10/2024, 10:59:53 AM4 [info] Send Email of job test100@yopmail.com
 4/10/2024, 10:59:53 AM4 [info] Send Email of job test108@yopmail.com
 4/10/2024, 10:59:53 AM4 [info] Send Email of job test99@yopmail.com
 4/10/2024, 10:59:53 AM4 [info] Send Email of job test89@yopmail.com
 4/10/2024, 10:59:53 AM4 [info] Send Email of job test98@yopmail.com
 4/10/2024, 10:59:53 AM4 [info] Send Email of job test101@yopmail.com
 4/10/2024, 10:59:53 AM4 [info] Send Email of job test105@yopmail.com
 4/10/2024, 10:59:53 AM4 [info] Send Email of job test104@yopmail.com
 4/10/2024, 10:59:53 AM4 [info] Send Email of job test106@yopmail.com
 4/10/2024, 10:59:53 AM4 [info] Send Email of job test110@yopmail.com
 4/10/2024, 10:59:53 AM4 [info] Send Email of job test95@yopmail.com
 4/10/2024, 10:59:53 AM4 [info] Send Email of job test109@yopmail.com
 4/10/2024, 10:59:53 AM4 [info] Send Email of job test111@yopmail.com
 4/10/2024, 10:59:53 AM4 [info] Send Email of job test117@yopmail.com
 4/10/2024, 10:59:53 AM4 [info] Send Email of job test113@yopmail.com
 4/10/2024, 10:59:53 AM4 [info] Send Email of job test115@yopmail.com
 4/10/2024, 10:59:53 AM4 [info] Send Email of job test112@yopmail.com
 4/10/2024, 10:59:53 AM4 [info] Send Email of job test114@yopmail.com
 4/10/2024, 10:59:53 AM4 [info] Send Email of job test118@yopmail.com
 4/10/2024, 10:59:53 AM4 [info] Send Email of job test116@yopmail.com
 4/10/2024, 10:59:53 AM4 [info] Send Email of job test120@yopmail.com
 4/10/2024, 10:59:53 AM4 [info] Send Email of job test125@yopmail.com
 4/10/2024, 10:59:53 AM4 [info] Send Email of job test122@yopmail.com
 4/10/2024, 10:59:53 AM4 [info] Send Email of job test130@yopmail.com
 4/10/2024, 10:59:53 AM4 [info] Send Email of job test123@yopmail.com
 4/10/2024, 10:59:53 AM4 [info] Send Email of job test143@yopmail.com
 4/10/2024, 10:59:53 AM4 [info] Send Email of job test154@yopmail.com
 4/10/2024, 10:59:53 AM4 [info] Send Email of job test142@yopmail.com
 4/10/2024, 10:59:53 AM4 [info] Send Email of job test127@yopmail.com
 4/10/2024, 10:59:53 AM4 [info] Send Email of job test151@yopmail.com
 4/10/2024, 10:59:53 AM4 [info] Send Email of job test140@yopmail.com
 4/10/2024, 10:59:53 AM4 [info] Send Email of job test134@yopmail.com
 4/10/2024, 10:59:53 AM4 [info] Send Email of job test157@yopmail.com
 4/10/2024, 10:59:53 AM4 [info] Send Email of job test138@yopmail.com
 4/10/2024, 10:59:53 AM4 [info] Send Email of job test155@yopmail.com
 4/10/2024, 10:59:53 AM4 [info] Send Email of job test145@yopmail.com
 4/10/2024, 10:59:53 AM4 [info] Send Email of job test162@yopmail.com
 4/10/2024, 10:59:53 AM4 [info] Send Email of job test133@yopmail.com
 4/10/2024, 10:59:53 AM4 [info] Send Email of job test139@yopmail.com
 4/10/2024, 10:59:53 AM4 [info] Send Email of job test172@yopmail.com
 4/10/2024, 10:59:53 AM4 [info] Send Email of job test137@yopmail.com
 4/10/2024, 10:59:53 AM4 [info] Send Email of job test169@yopmail.com
 4/10/2024, 10:59:53 AM4 [info] Send Email of job test179@yopmail.com
 4/10/2024, 10:59:53 AM4 [info] Send Email of job test173@yopmail.com
 4/10/2024, 10:59:53 AM4 [info] Send Email of job test178@yopmail.com
 4/10/2024, 10:59:53 AM4 [info] Send Email of job test182@yopmail.com
 4/10/2024, 10:59:53 AM4 [info] Send Email of job test174@yopmail.com
 4/10/2024, 10:59:53 AM4 [info] Send Email of job test163@yopmail.com
 4/10/2024, 10:59:53 AM4 [info] Send Email of job test190@yopmail.com
 4/10/2024, 10:59:53 AM4 [info] Send Email of job test161@yopmail.com
 4/10/2024, 10:59:53 AM4 [info] Send Email of job test187@yopmail.com
 4/10/2024, 10:59:53 AM4 [info] Send Email of job test189@yopmail.com
 4/10/2024, 10:59:53 AM4 [info] Send Email of job test186@yopmail.com
 4/10/2024, 10:59:53 AM4 [info] Send Email of job test200@yopmail.com
 4/10/2024, 10:59:53 AM4 [info] Send Email of job test181@yopmail.com
 4/10/2024, 10:59:53 AM4 [info] Send Email of job test197@yopmail.com
 4/10/2024, 10:59:53 AM4 [info] Send Email of job test198@yopmail.com
 4/10/2024, 10:59:53 AM4 [info] Send Email of job test191@yopmail.com
 4/10/2024, 10:59:53 AM4 [info] Send Email of job test185@yopmail.com
 4/10/2024, 10:59:53 AM4 [info] Send Email of job test160@yopmail.com
 4/10/2024, 10:59:53 AM4 [info] Send Email of job test193@yopmail.com
 4/10/2024, 10:59:53 AM4 [info] Send Email of job test196@yopmail.com
 4/10/2024, 10:59:53 AM4 [info] Send Email of job test192@yopmail.com
 4/10/2024, 10:59:53 AM4 [info] Send Email of job test183@yopmail.com
 4/10/2024, 10:59:53 AM4 [info] Send Email of job test16@yopmail.com
 4/10/2024, 10:59:53 AM4 [info] Send Email of job test14@yopmail.com
 4/10/2024, 10:59:53 AM4 [info] Send Email of job test57@yopmail.com
 4/10/2024, 10:59:53 AM4 [info] Send Email of job test36@yopmail.com
 4/10/2024, 10:59:53 AM4 [info] Send Email of job test58@yopmail.com
 4/10/2024, 10:59:53 AM4 [info] Send Email of job test67@yopmail.com
 4/10/2024, 10:59:53 AM4 [info] Send Email of job test102@yopmail.com
 4/10/2024, 10:59:53 AM4 [info] Send Email of job test107@yopmail.com
 4/10/2024, 10:59:53 AM4 [info] Send Email of job test124@yopmail.com
 4/10/2024, 10:59:53 AM4 [info] Send Email of job test164@yopmail.com
 4/10/2024, 10:59:53 AM4 [info] Send Email of job test184@yopmail.com
 4/10/2024, 10:59:53 AM4 [info] Send Email of job test188@yopmail.com
 4/10/2024, 10:59:53 AM4 [info] Send Email of job test147@yopmail.com
 4/10/2024, 10:59:53 AM4 [info] Send Email of job test171@yopmail.com
 4/10/2024, 10:59:53 AM4 [info] Send Email of job test135@yopmail.com
 4/10/2024, 10:59:53 AM4 [info] Send Email of job test49@yopmail.com
 4/10/2024, 10:59:53 AM4 [info] Send Email of job test165@yopmail.com
 4/10/2024, 10:59:53 AM4 [info] Send Email of job test64@yopmail.com
 4/10/2024, 10:59:53 AM4 [info] Send Email of job test81@yopmail.com
 4/10/2024, 10:59:53 AM4 [info] Send Email of job test88@yopmail.com
 4/10/2024, 10:59:53 AM4 [info] Send Email of job test84@yopmail.com
 4/10/2024, 10:59:53 AM4 [info] Send Email of job test70@yopmail.com
 4/10/2024, 10:59:53 AM4 [info] Send Email of job test121@yopmail.com
 4/10/2024, 10:59:53 AM4 [info] Send Email of job test128@yopmail.com
 4/10/2024, 10:59:53 AM4 [info] Send Email of job test136@yopmail.com
 4/10/2024, 10:59:53 AM4 [info] Send Email of job test146@yopmail.com
 4/10/2024, 10:59:53 AM4 [info] Send Email of job test167@yopmail.com
 4/10/2024, 10:59:53 AM4 [info] Send Email of job test170@yopmail.com
 4/10/2024, 10:59:53 AM4 [info] Send Email of job test97@yopmail.com
 4/10/2024, 10:59:53 AM4 [info] Send Email of job test87@yopmail.com
 4/10/2024, 10:59:53 AM4 [info] Send Email of job test166@yopmail.com
 4/10/2024, 10:59:53 AM4 [info] Send Email of job test39@yopmail.com
 4/10/2024, 10:59:53 AM4 [info] Send Email of job test168@yopmail.com
 4/10/2024, 10:59:53 AM4 [info] Error Send MAil Data command failed: 550 5.7.0 Too many emails per second. Please upgrade your plan https://mailtrap.io/billing/plans/testing
 4/10/2024, 10:59:53 AM4 [info] Error Send MAil Data command failed: 550 5.7.0 Too many emails per second. Please upgrade your plan https://mailtrap.io/billing/plans/testing
 4/10/2024, 10:59:53 AM4 [info] Error Send MAil Data command failed: 550 5.7.0 Too many emails per second. Please upgrade your plan https://mailtrap.io/billing/plans/testing
 4/10/2024, 10:59:53 AM4 [info] Error Send MAil Data command failed: 550 5.7.0 Too many emails per second. Please upgrade your plan https://mailtrap.io/billing/plans/testing
 4/10/2024, 10:59:53 AM4 [info] Error Send MAil Data command failed: 550 5.7.0 Too many emails per second. Please upgrade your plan https://mailtrap.io/billing/plans/testing
 4/10/2024, 10:59:53 AM4 [info] Error Send MAil Data command failed: 550 5.7.0 Too many emails per second. Please upgrade your plan https://mailtrap.io/billing/plans/testing
 4/10/2024, 10:59:53 AM4 [info] Error Send MAil Data command failed: 550 5.7.0 Too many emails per second. Please upgrade your plan https://mailtrap.io/billing/plans/testing
 4/10/2024, 10:59:53 AM4 [info] Error Send MAil Data command failed: 550 5.7.0 Too many emails per second. Please upgrade your plan https://mailtrap.io/billing/plans/testing
 4/10/2024, 10:59:53 AM4 [info] Error Send MAil Data command failed: 550 5.7.0 Too many emails per second. Please upgrade your plan https://mailtrap.io/billing/plans/testing
 4/10/2024, 10:59:53 AM4 [info] Error Send MAil Data command failed: 550 5.7.0 Too many emails per second. Please upgrade your plan https://mailtrap.io/billing/plans/testing
 4/10/2024, 10:59:53 AM4 [info] Error Send MAil Data command failed: 550 5.7.0 Too many emails per second. Please upgrade your plan https://mailtrap.io/billing/plans/testing
 4/10/2024, 10:59:53 AM4 [info] Error Send MAil Data command failed: 550 5.7.0 Too many emails per second. Please upgrade your plan https://mailtrap.io/billing/plans/testing
 4/10/2024, 10:59:53 AM4 [info] Send Email of job test158@yopmail.com
 4/10/2024, 10:59:53 AM4 [info] Send Email of job test176@yopmail.com
 4/10/2024, 10:59:53 AM4 [info] Send Email of job test180@yopmail.com
 4/10/2024, 10:59:53 AM4 [info] Error Send MAil Data command failed: 550 5.7.0 Too many emails per second. Please upgrade your plan https://mailtrap.io/billing/plans/testing
 4/10/2024, 10:59:53 AM4 [info] Error Send MAil Data command failed: 550 5.7.0 Too many emails per second. Please upgrade your plan https://mailtrap.io/billing/plans/testing
 4/10/2024, 10:59:53 AM4 [info] Send Email of job test199@yopmail.com
 4/10/2024, 10:59:53 AM4 [info] Error Send MAil Data command failed: 550 5.7.0 Too many emails per second. Please upgrade your plan https://mailtrap.io/billing/plans/testing
 4/10/2024, 10:59:53 AM4 [info] Error Send MAil Data command failed: 550 5.7.0 Too many emails per second. Please upgrade your plan https://mailtrap.io/billing/plans/testing
 4/10/2024, 10:59:53 AM4 [info] Error Send MAil Data command failed: 550 5.7.0 Too many emails per second. Please upgrade your plan https://mailtrap.io/billing/plans/testing
 4/10/2024, 10:59:53 AM4 [info] Send Email of job test144@yopmail.com
 4/10/2024, 10:59:53 AM4 [info] Error Send MAil Data command failed: 550 5.7.0 Too many emails per second. Please upgrade your plan https://mailtrap.io/billing/plans/testing
 4/10/2024, 10:59:53 AM4 [info] Error Send MAil Data command failed: 550 5.7.0 Too many emails per second. Please upgrade your plan https://mailtrap.io/billing/plans/testing
 4/10/2024, 10:59:53 AM4 [info] Send Email of job test141@yopmail.com
 4/10/2024, 10:59:53 AM4 [info] Send Email of job test17@yopmail.com
 4/10/2024, 10:59:53 AM4 [info] Mail Sended Of test51@yopmail.com
 4/10/2024, 10:59:53 AM4 [info] Error Send MAil Data command failed: 550 5.7.0 Too many emails per second. Please upgrade your plan https://mailtrap.io/billing/plans/testing
 4/10/2024, 10:59:53 AM4 [info] Error Send MAil Data command failed: 550 5.7.0 Too many emails per second. Please upgrade your plan https://mailtrap.io/billing/plans/testing
 4/10/2024, 10:59:53 AM4 [info] Error Send MAil Data command failed: 550 5.7.0 Too many emails per second. Please upgrade your plan https://mailtrap.io/billing/plans/testing
 4/10/2024, 10:59:53 AM4 [info] Send Email of job test177@yopmail.com
 4/10/2024, 10:59:53 AM4 [info] Error Send MAil Data command failed: 550 5.7.0 Too many emails per second. Please upgrade your plan https://mailtrap.io/billing/plans/testing
 4/10/2024, 10:59:53 AM4 [info] Error Send MAil Data command failed: 550 5.7.0 Too many emails per second. Please upgrade your plan https://mailtrap.io/billing/plans/testing
 4/10/2024, 10:59:53 AM4 [info] Error Send MAil Data command failed: 550 5.7.0 Too many emails per second. Please upgrade your plan https://mailtrap.io/billing/plans/testing
 4/10/2024, 10:59:53 AM4 [info] Error Send MAil Data command failed: 550 5.7.0 Too many emails per second. Please upgrade your plan https://mailtrap.io/billing/plans/testing
 4/10/2024, 10:59:53 AM4 [info] Error Send MAil Data command failed: 550 5.7.0 Too many emails per second. Please upgrade your plan https://mailtrap.io/billing/plans/testing
 4/10/2024, 10:59:53 AM4 [info] Error Send MAil Data command failed: 550 5.7.0 Too many emails per second. Please upgrade your plan https://mailtrap.io/billing/plans/testing
 4/10/2024, 10:59:53 AM4 [info] Error Send MAil Data command failed: 550 5.7.0 Too many emails per second. Please upgrade your plan https://mailtrap.io/billing/plans/testing
 4/10/2024, 10:59:53 AM4 [info] Error Send MAil Data command failed: 550 5.7.0 Too many emails per second. Please upgrade your plan https://mailtrap.io/billing/plans/testing
 4/10/2024, 10:59:53 AM4 [info] Mail Sended Of test104@yopmail.com
 4/10/2024, 10:59:53 AM4 [info] Send Email of job test194@yopmail.com
 4/10/2024, 10:59:53 AM4 [info] Mail Sended Of test91@yopmail.com
 4/10/2024, 10:59:53 AM4 [info] Mail Sended Of test73@yopmail.com
 4/10/2024, 10:59:53 AM4 [info] Mail Sended Of test112@yopmail.com
 4/10/2024, 10:59:53 AM4 [info] Error Send MAil Data command failed: 550 5.7.0 Too many emails per second. Please upgrade your plan https://mailtrap.io/billing/plans/testing
 4/10/2024, 10:59:53 AM4 [info] Send Email of job test19@yopmail.com
 4/10/2024, 10:59:53 AM4 [info] Send Email of job test18@yopmail.com
 4/10/2024, 10:59:53 AM4 [info] Error Send MAil Data command failed: 550 5.7.0 Too many emails per second. Please upgrade your plan https://mailtrap.io/billing/plans/testing
 4/10/2024, 10:59:53 AM4 [info] Error Send MAil Data command failed: 550 5.7.0 Too many emails per second. Please upgrade your plan https://mailtrap.io/billing/plans/testing
 4/10/2024, 10:59:53 AM4 [info] Error Send MAil Data command failed: 550 5.7.0 Too many emails per second. Please upgrade your plan https://mailtrap.io/billing/plans/testing
 4/10/2024, 10:59:53 AM4 [info] Error Send MAil Data command failed: 550 5.7.0 Too many emails per second. Please upgrade your plan https://mailtrap.io/billing/plans/testing
 4/10/2024, 10:59:53 AM4 [info] Error Send MAil Data command failed: 550 5.7.0 Too many emails per second. Please upgrade your plan https://mailtrap.io/billing/plans/testing
 4/10/2024, 10:59:53 AM4 [info] Error Send MAil Data command failed: 550 5.7.0 Too many emails per second. Please upgrade your plan https://mailtrap.io/billing/plans/testing
 4/10/2024, 10:59:53 AM4 [info] Error Send MAil Data command failed: 550 5.7.0 Too many emails per second. Please upgrade your plan https://mailtrap.io/billing/plans/testing
 4/10/2024, 10:59:53 AM4 [info] Error Send MAil Data command failed: 550 5.7.0 Too many emails per second. Please upgrade your plan https://mailtrap.io/billing/plans/testing
 4/10/2024, 10:59:53 AM4 [info] Error Send MAil Data command failed: 550 5.7.0 Too many emails per second. Please upgrade your plan https://mailtrap.io/billing/plans/testing
 4/10/2024, 10:59:53 AM4 [info] Error Send MAil Data command failed: 550 5.7.0 Too many emails per second. Please upgrade your plan https://mailtrap.io/billing/plans/testing
 4/10/2024, 10:59:53 AM4 [info] Send Email of job test119@yopmail.com
 4/10/2024, 10:59:53 AM4 [info] Error Send MAil Data command failed: 550 5.7.0 Too many emails per second. Please upgrade your plan https://mailtrap.io/billing/plans/testing
 4/10/2024, 10:59:53 AM4 [info] Error Send MAil Data command failed: 550 5.7.0 Too many emails per second. Please upgrade your plan https://mailtrap.io/billing/plans/testing
 4/10/2024, 10:59:53 AM4 [info] Error Send MAil Data command failed: 550 5.7.0 Too many emails per second. Please upgrade your plan https://mailtrap.io/billing/plans/testing
 4/10/2024, 10:59:53 AM4 [info] Send Email of job test175@yopmail.com
 4/10/2024, 10:59:53 AM4 [info] Error Send MAil Data command failed: 550 5.7.0 Too many emails per second. Please upgrade your plan https://mailtrap.io/billing/plans/testing
 4/10/2024, 10:59:53 AM4 [info] Error Send MAil Data command failed: 550 5.7.0 Too many emails per second. Please upgrade your plan https://mailtrap.io/billing/plans/testing
 4/10/2024, 10:59:53 AM4 [info] Error Send MAil Data command failed: 550 5.7.0 Too many emails per second. Please upgrade your plan https://mailtrap.io/billing/plans/testing
 4/10/2024, 10:59:53 AM4 [info] Error Send MAil Data command failed: 550 5.7.0 Too many emails per second. Please upgrade your plan https://mailtrap.io/billing/plans/testing
 4/10/2024, 10:59:53 AM4 [info] Error Send MAil Data command failed: 550 5.7.0 Too many emails per second. Please upgrade your plan https://mailtrap.io/billing/plans/testing
 4/10/2024, 10:59:53 AM4 [info] Error Send MAil Data command failed: 550 5.7.0 Too many emails per second. Please upgrade your plan https://mailtrap.io/billing/plans/testing
 4/10/2024, 10:59:53 AM4 [info] Error Send MAil Data command failed: 550 5.7.0 Too many emails per second. Please upgrade your plan https://mailtrap.io/billing/plans/testing
 4/10/2024, 10:59:53 AM4 [info] Error Send MAil Data command failed: 550 5.7.0 Too many emails per second. Please upgrade your plan https://mailtrap.io/billing/plans/testing
 4/10/2024, 10:59:53 AM4 [info] Error Send MAil Data command failed: 550 5.7.0 Too many emails per second. Please upgrade your plan https://mailtrap.io/billing/plans/testing
 4/10/2024, 10:59:53 AM4 [info] Error Send MAil Data command failed: 550 5.7.0 Too many emails per second. Please upgrade your plan https://mailtrap.io/billing/plans/testing
 4/10/2024, 10:59:53 AM4 [info] Send Email of job test152@yopmail.com
 4/10/2024, 10:59:53 AM4 [info] Error Send MAil Data command failed: 550 5.7.0 Too many emails per second. Please upgrade your plan https://mailtrap.io/billing/plans/testing
 4/10/2024, 10:59:53 AM4 [info] Send Email of job test77@yopmail.com
 4/10/2024, 10:59:53 AM4 [info] Send Email of job test32@yopmail.com
 4/10/2024, 10:59:53 AM4 [info] Send Email of job test50@yopmail.com
 4/10/2024, 10:59:53 AM4 [info] Error Send MAil Data command failed: 550 5.7.0 Too many emails per second. Please upgrade your plan https://mailtrap.io/billing/plans/testing
 4/10/2024, 10:59:53 AM4 [info] Error Send MAil Data command failed: 550 5.7.0 Too many emails per second. Please upgrade your plan https://mailtrap.io/billing/plans/testing
 4/10/2024, 10:59:53 AM4 [info] Send Email of job test94@yopmail.com
 4/10/2024, 10:59:53 AM4 [info] Error Send MAil Data command failed: 550 5.7.0 Too many emails per second. Please upgrade your plan https://mailtrap.io/billing/plans/testing
 4/10/2024, 10:59:53 AM4 [info] Error Send MAil Data command failed: 550 5.7.0 Too many emails per second. Please upgrade your plan https://mailtrap.io/billing/plans/testing
 4/10/2024, 10:59:53 AM4 [info] Error Send MAil Data command failed: 550 5.7.0 Too many emails per second. Please upgrade your plan https://mailtrap.io/billing/plans/testing
 4/10/2024, 10:59:53 AM4 [info] Send Email of job test131@yopmail.com
 4/10/2024, 10:59:53 AM4 [info] Send Email of job test148@yopmail.com
 4/10/2024, 10:59:53 AM4 [info] Error Send MAil Data command failed: 550 5.7.0 Too many emails per second. Please upgrade your plan https://mailtrap.io/billing/plans/testing
 4/10/2024, 10:59:53 AM4 [info] Error Send MAil Data command failed: 550 5.7.0 Too many emails per second. Please upgrade your plan https://mailtrap.io/billing/plans/testing
 4/10/2024, 10:59:53 AM4 [info] Error Send MAil Data command failed: 550 5.7.0 Too many emails per second. Please upgrade your plan https://mailtrap.io/billing/plans/testing
 4/10/2024, 10:59:53 AM4 [info] Error Send MAil Data command failed: 550 5.7.0 Too many emails per second. Please upgrade your plan https://mailtrap.io/billing/plans/testing
 4/10/2024, 10:59:53 AM4 [info] Error Send MAil Data command failed: 550 5.7.0 Too many emails per second. Please upgrade your plan https://mailtrap.io/billing/plans/testing
 4/10/2024, 10:59:53 AM4 [info] Send Email of job test103@yopmail.com
 4/10/2024, 10:59:53 AM4 [info] Error Send MAil Data command failed: 550 5.7.0 Too many emails per second. Please upgrade your plan https://mailtrap.io/billing/plans/testing
 4/10/2024, 10:59:53 AM4 [info] Error Send MAil Data command failed: 550 5.7.0 Too many emails per second. Please upgrade your plan https://mailtrap.io/billing/plans/testing
 4/10/2024, 10:59:53 AM4 [info] Error Send MAil Data command failed: 550 5.7.0 Too many emails per second. Please upgrade your plan https://mailtrap.io/billing/plans/testing
 4/10/2024, 10:59:53 AM4 [info] Error Send MAil Data command failed: 550 5.7.0 Too many emails per second. Please upgrade your plan https://mailtrap.io/billing/plans/testing
 4/10/2024, 10:59:53 AM4 [info] Error Send MAil Data command failed: 550 5.7.0 Too many emails per second. Please upgrade your plan https://mailtrap.io/billing/plans/testing
 4/10/2024, 10:59:53 AM4 [info] Error Send MAil Data command failed: 550 5.7.0 Too many emails per second. Please upgrade your plan https://mailtrap.io/billing/plans/testing
 4/10/2024, 10:59:53 AM4 [info] Send Email of job test126@yopmail.com
 4/10/2024, 10:59:53 AM4 [info] Error Send MAil Data command failed: 550 5.7.0 Too many emails per second. Please upgrade your plan https://mailtrap.io/billing/plans/testing
 4/10/2024, 10:59:53 AM4 [info] Send Email of job test132@yopmail.com
 4/10/2024, 10:59:53 AM4 [info] Send Email of job test129@yopmail.com
 4/10/2024, 10:59:53 AM4 [info] Error Send MAil Data command failed: 550 5.7.0 Too many emails per second. Please upgrade your plan https://mailtrap.io/billing/plans/testing
 4/10/2024, 10:59:53 AM4 [info] Error Send MAil Data command failed: 550 5.7.0 Too many emails per second. Please upgrade your plan https://mailtrap.io/billing/plans/testing
 4/10/2024, 10:59:53 AM4 [info] Error Send MAil Data command failed: 550 5.7.0 Too many emails per second. Please upgrade your plan https://mailtrap.io/billing/plans/testing
 4/10/2024, 10:59:53 AM4 [info] Error Send MAil Data command failed: 550 5.7.0 Too many emails per second. Please upgrade your plan https://mailtrap.io/billing/plans/testing
 4/10/2024, 10:59:53 AM4 [info] Error Send MAil Data command failed: 550 5.7.0 Too many emails per second. Please upgrade your plan https://mailtrap.io/billing/plans/testing
 4/10/2024, 10:59:53 AM4 [info] Error Send MAil Data command failed: 550 5.7.0 Too many emails per second. Please upgrade your plan https://mailtrap.io/billing/plans/testing
 4/10/2024, 10:59:53 AM4 [info] Error Send MAil Data command failed: 550 5.7.0 Too many emails per second. Please upgrade your plan https://mailtrap.io/billing/plans/testing
 4/10/2024, 10:59:53 AM4 [info] Error Send MAil Data command failed: 550 5.7.0 Too many emails per second. Please upgrade your plan https://mailtrap.io/billing/plans/testing
 4/10/2024, 10:59:53 AM4 [info] Error Send MAil Data command failed: 550 5.7.0 Too many emails per second. Please upgrade your plan https://mailtrap.io/billing/plans/testing
 4/10/2024, 10:59:53 AM4 [info] Error Send MAil Data command failed: 550 5.7.0 Too many emails per second. Please upgrade your plan https://mailtrap.io/billing/plans/testing
 4/10/2024, 10:59:53 AM4 [info] Error Send MAil Data command failed: 550 5.7.0 Too many emails per second. Please upgrade your plan https://mailtrap.io/billing/plans/testing
 4/10/2024, 10:59:53 AM4 [info] Error Send MAil Data command failed: 550 5.7.0 Too many emails per second. Please upgrade your plan https://mailtrap.io/billing/plans/testing
 4/10/2024, 10:59:53 AM4 [info] Error Send MAil Data command failed: 550 5.7.0 Too many emails per second. Please upgrade your plan https://mailtrap.io/billing/plans/testing
 4/10/2024, 10:59:53 AM4 [info] Error Send MAil Data command failed: 550 5.7.0 Too many emails per second. Please upgrade your plan https://mailtrap.io/billing/plans/testing
 4/10/2024, 10:59:53 AM4 [info] Error Send MAil Data command failed: 550 5.7.0 Too many emails per second. Please upgrade your plan https://mailtrap.io/billing/plans/testing
 4/10/2024, 10:59:53 AM4 [info] Error Send MAil Data command failed: 550 5.7.0 Too many emails per second. Please upgrade your plan https://mailtrap.io/billing/plans/testing
 4/10/2024, 10:59:53 AM4 [info] Error Send MAil Data command failed: 550 5.7.0 Too many emails per second. Please upgrade your plan https://mailtrap.io/billing/plans/testing
 4/10/2024, 10:59:53 AM4 [info] Error Send MAil Data command failed: 550 5.7.0 Too many emails per second. Please upgrade your plan https://mailtrap.io/billing/plans/testing
 4/10/2024, 10:59:53 AM4 [info] Error Send MAil Data command failed: 550 5.7.0 Too many emails per second. Please upgrade your plan https://mailtrap.io/billing/plans/testing
 4/10/2024, 10:59:53 AM4 [info] Error Send MAil Data command failed: 550 5.7.0 Too many emails per second. Please upgrade your plan https://mailtrap.io/billing/plans/testing
 4/10/2024, 10:59:53 AM4 [info] Error Send MAil Data command failed: 550 5.7.0 Too many emails per second. Please upgrade your plan https://mailtrap.io/billing/plans/testing
 4/10/2024, 10:59:53 AM4 [info] Error Send MAil Data command failed: 550 5.7.0 Too many emails per second. Please upgrade your plan https://mailtrap.io/billing/plans/testing
 4/10/2024, 10:59:53 AM4 [info] Error Send MAil Data command failed: 550 5.7.0 Too many emails per second. Please upgrade your plan https://mailtrap.io/billing/plans/testing
 4/10/2024, 10:59:53 AM4 [info] Error Send MAil Data command failed: 550 5.7.0 Too many emails per second. Please upgrade your plan https://mailtrap.io/billing/plans/testing
 4/10/2024, 10:59:53 AM4 [info] Error Send MAil Data command failed: 550 5.7.0 Too many emails per second. Please upgrade your plan https://mailtrap.io/billing/plans/testing
 4/10/2024, 10:59:53 AM4 [info] Error Send MAil Data command failed: 550 5.7.0 Too many emails per second. Please upgrade your plan https://mailtrap.io/billing/plans/testing
 4/10/2024, 10:59:53 AM4 [info] Error Send MAil Data command failed: 550 5.7.0 Too many emails per second. Please upgrade your plan https://mailtrap.io/billing/plans/testing
 4/10/2024, 10:59:53 AM4 [info] Error Send MAil Data command failed: 550 5.7.0 Too many emails per second. Please upgrade your plan https://mailtrap.io/billing/plans/testing
 4/10/2024, 10:59:53 AM4 [info] Error Send MAil Data command failed: 550 5.7.0 Too many emails per second. Please upgrade your plan https://mailtrap.io/billing/plans/testing
 4/10/2024, 10:59:53 AM4 [info] Error Send MAil Data command failed: 550 5.7.0 Too many emails per second. Please upgrade your plan https://mailtrap.io/billing/plans/testing
 4/10/2024, 10:59:53 AM4 [info] Error Send MAil Data command failed: 550 5.7.0 Too many emails per second. Please upgrade your plan https://mailtrap.io/billing/plans/testing
 4/10/2024, 10:59:53 AM4 [info] Error Send MAil Data command failed: 550 5.7.0 Too many emails per second. Please upgrade your plan https://mailtrap.io/billing/plans/testing
 4/10/2024, 10:59:53 AM4 [info] Error Send MAil Data command failed: 550 5.7.0 Too many emails per second. Please upgrade your plan https://mailtrap.io/billing/plans/testing
 4/10/2024, 10:59:53 AM4 [info] Error Send MAil Data command failed: 550 5.7.0 Too many emails per second. Please upgrade your plan https://mailtrap.io/billing/plans/testing
 4/10/2024, 10:59:53 AM4 [info] Error Send MAil Data command failed: 550 5.7.0 Too many emails per second. Please upgrade your plan https://mailtrap.io/billing/plans/testing
 4/10/2024, 10:59:53 AM4 [info] Error Send MAil Data command failed: 550 5.7.0 Too many emails per second. Please upgrade your plan https://mailtrap.io/billing/plans/testing
 4/10/2024, 10:59:53 AM4 [info] Send Email of job test47@yopmail.com
 4/10/2024, 10:59:53 AM4 [info] Send Email of job test25@yopmail.com
 4/10/2024, 10:59:53 AM4 [info] Send Email of job test4@yopmail.com
 4/10/2024, 10:59:53 AM4 [info] Error Send MAil Data command failed: 550 5.7.0 Too many emails per second. Please upgrade your plan https://mailtrap.io/billing/plans/testing
 4/10/2024, 10:59:53 AM4 [info] Error Send MAil Data command failed: 550 5.7.0 Too many emails per second. Please upgrade your plan https://mailtrap.io/billing/plans/testing
 4/10/2024, 10:59:53 AM4 [info] Error Send MAil Data command failed: 550 5.7.0 Too many emails per second. Please upgrade your plan https://mailtrap.io/billing/plans/testing
 4/10/2024, 10:59:53 AM4 [info] Error Send MAil Data command failed: 550 5.7.0 Too many emails per second. Please upgrade your plan https://mailtrap.io/billing/plans/testing
 4/10/2024, 10:59:53 AM4 [info] Error Send MAil Data command failed: 550 5.7.0 Too many emails per second. Please upgrade your plan https://mailtrap.io/billing/plans/testing
 4/10/2024, 10:59:53 AM4 [info] Error Send MAil Data command failed: 550 5.7.0 Too many emails per second. Please upgrade your plan https://mailtrap.io/billing/plans/testing
 4/10/2024, 10:59:53 AM4 [info] Error Send MAil Data command failed: 550 5.7.0 Too many emails per second. Please upgrade your plan https://mailtrap.io/billing/plans/testing
 4/10/2024, 10:59:53 AM4 [info] Error Send MAil Data command failed: 550 5.7.0 Too many emails per second. Please upgrade your plan https://mailtrap.io/billing/plans/testing
 4/10/2024, 10:59:53 AM4 [info] Error Send MAil Data command failed: 550 5.7.0 Too many emails per second. Please upgrade your plan https://mailtrap.io/billing/plans/testing
 4/10/2024, 10:59:53 AM4 [info] Error Send MAil Data command failed: 550 5.7.0 Too many emails per second. Please upgrade your plan https://mailtrap.io/billing/plans/testing
 4/10/2024, 10:59:53 AM4 [info] Error Send MAil Data command failed: 550 5.7.0 Too many emails per second. Please upgrade your plan https://mailtrap.io/billing/plans/testing
 4/10/2024, 10:59:53 AM4 [info] Error Send MAil Data command failed: 550 5.7.0 Too many emails per second. Please upgrade your plan https://mailtrap.io/billing/plans/testing
 4/10/2024, 10:59:53 AM4 [info] Error Send MAil Data command failed: 550 5.7.0 Too many emails per second. Please upgrade your plan https://mailtrap.io/billing/plans/testing
 4/10/2024, 10:59:53 AM4 [info] Error Send MAil Data command failed: 550 5.7.0 Too many emails per second. Please upgrade your plan https://mailtrap.io/billing/plans/testing
 4/10/2024, 10:59:53 AM4 [info] Error Send MAil Data command failed: 550 5.7.0 Too many emails per second. Please upgrade your plan https://mailtrap.io/billing/plans/testing
 4/10/2024, 10:59:53 AM4 [info] Error Send MAil Data command failed: 550 5.7.0 Too many emails per second. Please upgrade your plan https://mailtrap.io/billing/plans/testing
 4/10/2024, 10:59:53 AM4 [info] Error Send MAil Data command failed: 550 5.7.0 Too many emails per second. Please upgrade your plan https://mailtrap.io/billing/plans/testing
 4/10/2024, 10:59:53 AM4 [info] Error Send MAil Data command failed: 550 5.7.0 Too many emails per second. Please upgrade your plan https://mailtrap.io/billing/plans/testing
 4/10/2024, 10:59:53 AM4 [info] Error Send MAil Data command failed: 550 5.7.0 Too many emails per second. Please upgrade your plan https://mailtrap.io/billing/plans/testing
 4/10/2024, 10:59:53 AM4 [info] Error Send MAil Data command failed: 550 5.7.0 Too many emails per second. Please upgrade your plan https://mailtrap.io/billing/plans/testing
 4/10/2024, 10:59:53 AM4 [info] Error Send MAil Data command failed: 550 5.7.0 Too many emails per second. Please upgrade your plan https://mailtrap.io/billing/plans/testing
 4/10/2024, 10:59:53 AM4 [info] Error Send MAil Data command failed: 550 5.7.0 Too many emails per second. Please upgrade your plan https://mailtrap.io/billing/plans/testing
 4/10/2024, 10:59:53 AM4 [info] Error Send MAil Data command failed: 550 5.7.0 Too many emails per second. Please upgrade your plan https://mailtrap.io/billing/plans/testing
 4/10/2024, 10:59:53 AM4 [info] Error Send MAil Data command failed: 550 5.7.0 Too many emails per second. Please upgrade your plan https://mailtrap.io/billing/plans/testing
 4/10/2024, 10:59:53 AM4 [info] Error Send MAil Data command failed: 550 5.7.0 Too many emails per second. Please upgrade your plan https://mailtrap.io/billing/plans/testing
 4/10/2024, 10:59:53 AM4 [info] Error Send MAil Data command failed: 550 5.7.0 Too many emails per second. Please upgrade your plan https://mailtrap.io/billing/plans/testing
 4/10/2024, 10:59:53 AM4 [info] Error Send MAil Data command failed: 550 5.7.0 Too many emails per second. Please upgrade your plan https://mailtrap.io/billing/plans/testing
 4/10/2024, 10:59:53 AM4 [info] Error Send MAil Data command failed: 550 5.7.0 Too many emails per second. Please upgrade your plan https://mailtrap.io/billing/plans/testing
 4/10/2024, 10:59:53 AM4 [info] Error Send MAil Data command failed: 550 5.7.0 Too many emails per second. Please upgrade your plan https://mailtrap.io/billing/plans/testing
 4/10/2024, 10:59:53 AM4 [info] Error Send MAil Data command failed: 550 5.7.0 Too many emails per second. Please upgrade your plan https://mailtrap.io/billing/plans/testing
 4/10/2024, 10:59:53 AM4 [info] Error Send MAil Data command failed: 550 5.7.0 Too many emails per second. Please upgrade your plan https://mailtrap.io/billing/plans/testing
 4/10/2024, 10:59:53 AM4 [info] Error Send MAil Data command failed: 550 5.7.0 Too many emails per second. Please upgrade your plan https://mailtrap.io/billing/plans/testing
 4/10/2024, 10:59:53 AM4 [info] Error Send MAil Data command failed: 550 5.7.0 Too many emails per second. Please upgrade your plan https://mailtrap.io/billing/plans/testing
 4/10/2024, 10:59:53 AM4 [info] Error Send MAil Data command failed: 550 5.7.0 Too many emails per second. Please upgrade your plan https://mailtrap.io/billing/plans/testing
 4/10/2024, 10:59:53 AM4 [info] Error Send MAil Data command failed: 550 5.7.0 Too many emails per second. Please upgrade your plan https://mailtrap.io/billing/plans/testing
 4/10/2024, 10:59:53 AM4 [info] Error Send MAil Data command failed: 550 5.7.0 Too many emails per second. Please upgrade your plan https://mailtrap.io/billing/plans/testing
 4/10/2024, 10:59:53 AM4 [info] Error Send MAil Data command failed: 550 5.7.0 Too many emails per second. Please upgrade your plan https://mailtrap.io/billing/plans/testing
 4/10/2024, 10:59:53 AM4 [info] Error Send MAil Data command failed: 550 5.7.0 Too many emails per second. Please upgrade your plan https://mailtrap.io/billing/plans/testing
 4/10/2024, 10:59:53 AM4 [info] Send Email of job test21@yopmail.com
 4/10/2024, 10:59:53 AM4 [info] Error Send MAil Data command failed: 550 5.7.0 Too many emails per second. Please upgrade your plan https://mailtrap.io/billing/plans/testing
 4/10/2024, 10:59:53 AM4 [info] Error Send MAil Data command failed: 550 5.7.0 Too many emails per second. Please upgrade your plan https://mailtrap.io/billing/plans/testing
 4/10/2024, 10:59:53 AM4 [info] Send Email of job test96@yopmail.com
 4/10/2024, 10:59:53 AM4 [info] Send Email of job test20@yopmail.com
 4/10/2024, 10:59:53 AM4 [info] Send Email of job test150@yopmail.com
 4/10/2024, 10:59:53 AM4 [info] Send Email of job test195@yopmail.com
 4/10/2024, 10:59:53 AM4 [info] Error Send MAil Data command failed: 550 5.7.0 Too many emails per second. Please upgrade your plan https://mailtrap.io/billing/plans/testing
 4/10/2024, 10:59:53 AM4 [info] Send Email of job test159@yopmail.com
 4/10/2024, 10:59:53 AM4 [info] Error Send MAil Data command failed: 550 5.7.0 Too many emails per second. Please upgrade your plan https://mailtrap.io/billing/plans/testing
 4/10/2024, 10:59:53 AM4 [info] Error Send MAil Data command failed: 550 5.7.0 Too many emails per second. Please upgrade your plan https://mailtrap.io/billing/plans/testing
 4/10/2024, 10:59:53 AM4 [info] Mail Sended Of test19@yopmail.com
 4/10/2024, 10:59:53 AM4 [info] Mail Sended Of test25@yopmail.com
 4/10/2024, 10:59:53 AM4 [info] Mail Sended Of test176@yopmail.com
 4/10/2024, 10:59:53 AM4 [info] Mail Sended Of test47@yopmail.com
 4/10/2024, 10:59:53 AM4 [info] Mail Sended Of test77@yopmail.com
 4/10/2024, 10:59:53 AM4 [info] Error Send MAil Data command failed: 550 5.7.0 Too many emails per second. Please upgrade your plan https://mailtrap.io/billing/plans/testing
 4/10/2024, 10:59:53 AM4 [info] Error Send MAil Data command failed: 550 5.7.0 Too many emails per second. Please upgrade your plan https://mailtrap.io/billing/plans/testing
 4/10/2024, 10:59:53 AM4 [info] Error Send MAil Data command failed: 550 5.7.0 Too many emails per second. Please upgrade your plan https://mailtrap.io/billing/plans/testing
 4/10/2024, 10:59:53 AM4 [info] Error Send MAil Data command failed: 550 5.7.0 Too many emails per second. Please upgrade your plan https://mailtrap.io/billing/plans/testing
 4/10/2024, 10:59:53 AM4 [info] Error Send MAil Data command failed: 550 5.7.0 Too many emails per second. Please upgrade your plan https://mailtrap.io/billing/plans/testing
 4/10/2024, 10:59:53 AM4 [info] Error Send MAil Data command failed: 550 5.7.0 Too many emails per second. Please upgrade your plan https://mailtrap.io/billing/plans/testing
 4/10/2024, 10:59:53 AM4 [info] Error Send MAil Data command failed: 550 5.7.0 Too many emails per second. Please upgrade your plan https://mailtrap.io/billing/plans/testing
 4/10/2024, 10:59:53 AM4 [info] Error Send MAil Data command failed: 550 5.7.0 Too many emails per second. Please upgrade your plan https://mailtrap.io/billing/plans/testing
 4/10/2024, 10:59:53 AM4 [info] Error Send MAil Data command failed: 550 5.7.0 Too many emails per second. Please upgrade your plan https://mailtrap.io/billing/plans/testing
 4/10/2024, 10:59:53 AM4 [info] Error Send MAil Data command failed: 550 5.7.0 Too many emails per second. Please upgrade your plan https://mailtrap.io/billing/plans/testing
 4/10/2024, 10:59:53 AM4 [info] Error Send MAil Data command failed: 550 5.7.0 Too many emails per second. Please upgrade your plan https://mailtrap.io/billing/plans/testing
 4/10/2024, 10:59:53 AM4 [info] Error Send MAil Data command failed: 550 5.7.0 Too many emails per second. Please upgrade your plan https://mailtrap.io/billing/plans/testing
 4/10/2024, 10:59:53 AM4 [info] Error Send MAil Data command failed: 550 5.7.0 Too many emails per second. Please upgrade your plan https://mailtrap.io/billing/plans/testing
 4/10/2024, 10:59:53 AM4 [info] Error Send MAil Data command failed: 550 5.7.0 Too many emails per second. Please upgrade your plan https://mailtrap.io/billing/plans/testing
 4/10/2024, 10:59:53 AM4 [info] Error Send MAil Data command failed: 550 5.7.0 Too many emails per second. Please upgrade your plan https://mailtrap.io/billing/plans/testing
 4/10/2024, 10:59:53 AM4 [info] Send Email of job test29@yopmail.com
 4/10/2024, 10:59:53 AM4 [info] Send Email of job test149@yopmail.com
 4/10/2024, 10:59:53 AM4 [info] Error Send MAil Data command failed: 550 5.7.0 Too many emails per second. Please upgrade your plan https://mailtrap.io/billing/plans/testing
 4/10/2024, 10:59:53 AM4 [info] Error Send MAil Data command failed: 550 5.7.0 Too many emails per second. Please upgrade your plan https://mailtrap.io/billing/plans/testing
 4/10/2024, 10:59:53 AM4 [info] Mail Sended Of test46@yopmail.com
 4/10/2024, 10:59:53 AM4 [info] Mail Sended Of test101@yopmail.com
 4/10/2024, 10:59:53 AM4 [info] Mail Sended Of test149@yopmail.com
 4/10/2024, 10:59:53 AM4 [info] Mail Sended Of test75@yopmail.com
 4/10/2024, 10:59:53 AM4 [info] Mail Sended Of test29@yopmail.com
 4/10/2024, 10:59:53 AM4 [info] Error Send MAil Greeting never received
 4/10/2024, 10:59:53 AM4 [info] Send Email of job test71@yopmail.com
 4/10/2024, 10:59:53 AM4 [info] Error Send MAil Data command failed: 550 5.7.0 Too many emails per second. Please upgrade your plan https://mailtrap.io/billing/plans/testing
 4/10/2024, 10:59:53 AM4 [info] Error Send MAil Data command failed: 550 5.7.0 Too many emails per second. Please upgrade your plan https://mailtrap.io/billing/plans/testing
 4/10/2024, 10:59:53 AM4 [info] Error Send MAil Data command failed: 550 5.7.0 Too many emails per second. Please upgrade your plan https://mailtrap.io/billing/plans/testing
 4/10/2024, 10:59:53 AM4 [info] Error Send MAil Data command failed: 550 5.7.0 Too many emails per second. Please upgrade your plan https://mailtrap.io/billing/plans/testing
 4/10/2024, 10:59:53 AM4 [info] Error Send MAil Data command failed: 550 5.7.0 Too many emails per second. Please upgrade your plan https://mailtrap.io/billing/plans/testing
 4/10/2024, 10:59:53 AM4 [info] Mail Sended Of test117@yopmail.com
 4/10/2024, 10:59:53 AM4 [info] Mail Sended Of test108@yopmail.com
 4/10/2024, 10:59:53 AM4 [info] Mail Sended Of test71@yopmail.com
 4/10/2024, 10:59:53 AM4 [info] Mail Sended Of test90@yopmail.com
 4/10/2024, 10:59:53 AM4 [info] Mail Sended Of test65@yopmail.com
 4/10/2024, 10:59:53 AM4 [info] Error Send MAil Data command failed: 550 5.7.0 Too many emails per second. Please upgrade your plan https://mailtrap.io/billing/plans/testing
 4/10/2024, 10:59:53 AM4 [info] Send Email of job test41@yopmail.com
 4/10/2024, 10:59:53 AM4 [info] Mail Sended Of test41@yopmail.com
 4/10/2024, 10:59:53 AM4 [info] Mail Sended Of test183@yopmail.com
